I, [2024-01-27T21:30:18.765811 #72487]  INFO -- : Number of streams being listened to: 45
I, [2024-01-27T21:30:20.024008 #72487]  INFO -- : Subscribed to wss://stream.binance.com:9443/ws
I, [2024-01-27T21:30:20.024934 #72487]  INFO -- : Subscribe request for batch 1: {"method":"SUBSCRIBE","params":["btcusdt@kline_1m","btcusdt@kline_3m","btcusdt@kline_5m","btcusdt@kline_15m","btcusdt@kline_30m","btcusdt@kline_1h","btcusdt@kline_2h","btcusdt@kline_4h","btcusdt@kline_6h","btcusdt@kline_8h","btcusdt@kline_12h","btcusdt@kline_1d","btcusdt@kline_3d","btcusdt@kline_1w","btcusdt@kline_1M","ethusdt@kline_1m","ethusdt@kline_3m","ethusdt@kline_5m","ethusdt@kline_15m","ethusdt@kline_30m","ethusdt@kline_1h","ethusdt@kline_2h","ethusdt@kline_4h","ethusdt@kline_6h","ethusdt@kline_8h","ethusdt@kline_12h","ethusdt@kline_1d","ethusdt@kline_3d","ethusdt@kline_1w","ethusdt@kline_1M","bchusdt@kline_1m","bchusdt@kline_3m","bchusdt@kline_5m","bchusdt@kline_15m","bchusdt@kline_30m","bchusdt@kline_1h","bchusdt@kline_2h","bchusdt@kline_4h","bchusdt@kline_6h","bchusdt@kline_8h","bchusdt@kline_12h","bchusdt@kline_1d","bchusdt@kline_3d","bchusdt@kline_1w","bchusdt@kline_1M"],"id":1}
I, [2024-01-27T21:31:00.356947 #72487]  INFO -- : open data = [1706387400000, "41972.10000000", "41988.00000000", "41972.10000000", "41976.49000000", "11.16183000", 1706387579999, "468567.37177270", 473, "4.18320000", "175597.99235850", "0"]
I, [2024-01-27T21:31:00.357183 #72487]  INFO -- : open data = [1706387400000, "41972.10000000", "41988.00000000", "41972.10000000", "41976.49000000", "11.16183000", 1706387699999, "468567.37177270", 473, "4.18320000", "175597.99235850", "0"]
I, [2024-01-27T21:31:00.357333 #72487]  INFO -- : open data = [1706387400000, "41972.10000000", "41988.00000000", "41972.10000000", "41976.49000000", "11.16183000", 1706388299999, "468567.37177270", 473, "4.18320000", "175597.99235850", "0"]
I, [2024-01-27T21:31:00.357467 #72487]  INFO -- : open data = [1706387400000, "41972.10000000", "41988.00000000", "41972.10000000", "41976.49000000", "11.16183000", 1706387459999, "468567.37177270", 473, "4.18320000", "175597.99235850", "0"]
I, [2024-01-27T21:31:00.357651 #72487]  INFO -- : open data = [1706387400000, "41972.10000000", "41988.00000000", "41972.10000000", "41976.49000000", "11.16183000", 1706389199999, "468567.37177270", 473, "4.18320000", "175597.99235850", "0"]
I, [2024-01-27T21:31:00.357807 #72487]  INFO -- : open data = [1706356800000, "2265.48000000", "2277.49000000", "2261.35000000", "2271.81000000", "42192.59680000", 1706399999999, "95740245.30188700", 138138, "22474.12380000", "50997617.15184800", "0"]
I, [2024-01-27T21:31:00.357939 #72487]  INFO -- : open data = [1704067200000, "2281.87000000", "2717.32000000", "2100.00000000", "2271.81000000", "11912198.25850000", 1706745599999, "28558342677.53408100", 25362604, "5955380.61690000", "14277118582.89762500", "0"]
I, [2024-01-27T21:31:00.358070 #72487]  INFO -- : open data = [1705881600000, "2457.06000000", "2466.10000000", "2168.07000000", "2271.81000000", "2401316.49860000", 1706486399999, "5444685508.93747300", 4879206, "1172408.16240000", "2656502631.47074100", "0"]
I, [2024-01-27T21:31:00.358197 #72487]  INFO -- : open data = [1706387400000, "2272.27000000", "2272.28000000", "2271.81000000", "2271.81000000", "22.64650000", 1706387459999, "51451.77664900", 166, "6.23470000", "14164.63308700", "0"]
I, [2024-01-27T21:31:00.358330 #72487]  INFO -- : open data = [1706140800000, "2235.02000000", "2282.94000000", "2171.30000000", "2271.81000000", "815022.36840000", 1706399999999, "1821253815.06796400", 1940218, "408552.17910000", "912867252.07397600", "0"]
I, [2024-01-27T21:31:00.358457 #72487]  INFO -- : open data = [1706378400000, "2265.65000000", "2277.49000000", "2263.43000000", "2271.81000000", "10227.91440000", 1706399999999, "23231011.80087500", 38350, "5527.43160000", "12554331.94189400", "0"]
I, [2024-01-27T21:31:00.358623 #72487]  INFO -- : open data = [1706387400000, "2272.27000000", "2272.28000000", "2271.81000000", "2271.81000000", "22.64650000", 1706389199999, "51451.77664900", 166, "6.23470000", "14164.63308700", "0"]
I, [2024-01-27T21:31:00.358796 #72487]  INFO -- : open data = [1706313600000, "2267.67000000", "2282.94000000", "2251.40000000", "2271.81000000", "121029.33680000", 1706399999999, "274483968.52250400", 360451, "58677.18080000", "133082293.58665100", "0"]
I, [2024-01-27T21:31:00.359599 #72487]  INFO -- : open data = [1706371200000, "2270.18000000", "2277.49000000", "2261.35000000", "2271.81000000", "22117.59240000", 1706399999999, "50197924.82454600", 72094, "11366.66600000", "25800059.78508700", "0"]
I, [2024-01-27T21:31:00.359924 #72487]  INFO -- : open data = [1706385600000, "2272.70000000", "2273.97000000", "2270.59000000", "2271.81000000", "1746.52800000", 1706399999999, "3969010.98638600", 6985, "941.51750000", "2139651.03097100", "0"]
I, [2024-01-27T21:31:00.360082 #72487]  INFO -- : open data = [1706385600000, "2272.70000000", "2273.97000000", "2270.59000000", "2271.81000000", "1746.52800000", 1706389199999, "3969010.98638600", 6985, "941.51750000", "2139651.03097100", "0"]
I, [2024-01-27T21:31:00.360221 #72487]  INFO -- : open data = [1706385600000, "2272.70000000", "2273.97000000", "2270.59000000", "2271.81000000", "1746.52800000", 1706392799999, "3969010.98638600", 6985, "941.51750000", "2139651.03097100", "0"]
I, [2024-01-27T21:31:00.360366 #72487]  INFO -- : open data = [1706387400000, "2272.27000000", "2272.28000000", "2271.81000000", "2271.81000000", "22.64650000", 1706387699999, "51451.77664900", 166, "6.23470000", "14164.63308700", "0"]
I, [2024-01-27T21:31:00.360538 #72487]  INFO -- : open data = [1706387400000, "2272.27000000", "2272.28000000", "2271.81000000", "2271.81000000", "22.64650000", 1706388299999, "51451.77664900", 166, "6.23470000", "14164.63308700", "0"]
I, [2024-01-27T21:31:00.360695 #72487]  INFO -- : open data = [1706387400000, "2272.27000000", "2272.28000000", "2271.81000000", "2271.81000000", "22.64650000", 1706387579999, "51451.77664900", 166, "6.23470000", "14164.63308700", "0"]
I, [2024-01-27T21:31:00.360829 #72487]  INFO -- : open data = [1706371200000, "41813.99000000", "41999.00000000", "41745.26000000", "41976.48000000", "2529.17084000", 1706399999999, "105865859.71246220", 133498, "1236.92669000", "51781073.84963090", "0"]
I, [2024-01-27T21:31:00.360960 #72487]  INFO -- : open data = [1706385600000, "41910.48000000", "41999.00000000", "41910.47000000", "41976.48000000", "272.96571000", 1706399999999, "11455221.86166540", 12191, "143.98464000", "6042347.30190550", "0"]
I, [2024-01-27T21:31:00.361089 #72487]  INFO -- : open data = [1706378400000, "41779.28000000", "41999.00000000", "41745.26000000", "41976.48000000", "1471.75326000", 1706399999999, "61634910.58210280", 78539, "755.63207000", "31648289.64351360", "0"]
I, [2024-01-27T21:31:00.361222 #72487]  INFO -- : open data = [1704067200000, "42283.58000000", "48969.48000000", "38555.00000000", "41976.48000000", "1264400.87624000", 1706745599999, "54874681287.32634630", 47395093, "637577.30423000", "27678719553.11123150", "0"]
I, [2024-01-27T21:31:00.361354 #72487]  INFO -- : open data = [1705881600000, "41580.32000000", "42246.82000000", "38555.00000000", "41976.48000000", "244628.31294000", 1706486399999, "9849110437.56081140", 9425778, "125150.07509000", "5037287891.70238100", "0"]
I, [2024-01-27T21:31:00.361529 #72487]  INFO -- : open data = [1706313600000, "41823.51000000", "41999.00000000", "41394.34000000", "41976.48000000", "13544.56592000", 1706399999999, "565587413.84538190", 642894, "6414.90152000", "267858350.37397640", "0"]
I, [2024-01-27T21:31:00.361679 #72487]  INFO -- : open data = [1706356800000, "41761.22000000", "41999.00000000", "41714.00000000", "41976.48000000", "4635.79339000", 1706399999999, "193882205.98482660", 259399, "2189.64109000", "91585565.98172140", "0"]
I, [2024-01-27T21:31:00.361861 #72487]  INFO -- : open data = [1706385600000, "41910.48000000", "41999.00000000", "41910.47000000", "41976.48000000", "272.96571000", 1706389199999, "11455221.86166540", 12191, "143.98464000", "6042347.30190550", "0"]
I, [2024-01-27T21:31:00.362003 #72487]  INFO -- : open data = [1706385600000, "41910.48000000", "41999.00000000", "41910.47000000", "41976.48000000", "272.96571000", 1706392799999, "11455221.86166540", 12191, "143.98464000", "6042347.30190550", "0"]
I, [2024-01-27T21:31:00.362158 #72487]  INFO -- : open data = [1706140800000, "40084.89000000", "42246.82000000", "39550.00000000", "41976.48000000", "91951.65171000", 1706399999999, "3756101369.28780260", 3558988, "46774.90622000", "1910332790.46449410", "0"]
I, [2024-01-27T21:31:00.362281 #72487]  INFO -- : closed data = [1706387400000, "244.40000000", "244.40000000", "244.40000000", "244.40000000", "7.47900000", 1706387459999, "1827.86760000", 4, "7.47900000", "1827.86760000", "0"]
I, [2024-01-27T21:31:00.374979 #72487]  INFO -- : closed data = [1706387400000, "41972.10000000", "41988.00000000", "41972.10000000", "41976.48000000", "11.19697000", 1706387459999, "470042.42545050", 497, "4.20026000", "176314.11127790", "0"]
I, [2024-01-27T21:31:00.387520 #72487]  INFO -- : closed data = [1706387400000, "2272.27000000", "2272.28000000", "2271.80000000", "2271.80000000", "23.41250000", 1706387459999, "53191.98349500", 199, "6.59780000", "14989.52913500", "0"]
I, [2024-01-27T21:32:00.299716 #72487]  INFO -- : open data = [1706356800000, "2265.48000000", "2277.49000000", "2261.35000000", "2271.09000000", "42237.90100000", 1706399999999, "95843149.20872200", 138333, "22488.33260000", "51029891.20519000", "0"]
I, [2024-01-27T21:32:00.300199 #72487]  INFO -- : open data = [1704067200000, "2281.87000000", "2717.32000000", "2100.00000000", "2271.09000000", "11912243.56270000", 1706745599999, "28558445581.44091600", 25362799, "5955394.82570000", "14277150856.95096700", "0"]
I, [2024-01-27T21:32:00.300492 #72487]  INFO -- : open data = [1705881600000, "2457.06000000", "2466.10000000", "2168.07000000", "2271.09000000", "2401361.80280000", 1706486399999, "5444788412.84430800", 4879401, "1172422.37120000", "2656534905.52408300", "0"]
I, [2024-01-27T21:32:00.300863 #72487]  INFO -- : open data = [1706387460000, "2271.80000000", "2271.81000000", "2271.09000000", "2271.09000000", "44.53820000", 1706387519999, "101163.69998900", 162, "13.84570000", "31449.15729400", "0"]
I, [2024-01-27T21:32:00.301158 #72487]  INFO -- : open data = [1706140800000, "2235.02000000", "2282.94000000", "2171.30000000", "2271.09000000", "815067.67260000", 1706399999999, "1821356718.97479900", 1940413, "408566.38790000", "912899526.12731800", "0"]
I, [2024-01-27T21:32:00.301434 #72487]  INFO -- : open data = [1706378400000, "2265.65000000", "2277.49000000", "2263.43000000", "2271.09000000", "10273.21860000", 1706399999999, "23333915.70771000", 38545, "5541.64040000", "12586605.99523600", "0"]
I, [2024-01-27T21:32:00.301762 #72487]  INFO -- : open data = [1706387400000, "2272.27000000", "2272.28000000", "2271.09000000", "2271.09000000", "67.95070000", 1706389199999, "154355.68348400", 361, "20.44350000", "46438.68642900", "0"]
I, [2024-01-27T21:32:00.302052 #72487]  INFO -- : open data = [1706313600000, "2267.67000000", "2282.94000000", "2251.40000000", "2271.09000000", "121074.64100000", 1706399999999, "274586872.42933900", 360646, "58691.38960000", "133114567.63999300", "0"]
I, [2024-01-27T21:32:00.302331 #72487]  INFO -- : open data = [1706371200000, "2270.18000000", "2277.49000000", "2261.35000000", "2271.09000000", "22162.89660000", 1706399999999, "50300828.73138100", 72289, "11380.87480000", "25832333.83842900", "0"]
I, [2024-01-27T21:32:00.302606 #72487]  INFO -- : open data = [1706385600000, "2272.70000000", "2273.97000000", "2270.59000000", "2271.09000000", "1791.83220000", 1706399999999, "4071914.89322100", 7180, "955.72630000", "2171925.08431300", "0"]
I, [2024-01-27T21:32:00.302976 #72487]  INFO -- : open data = [1706385600000, "2272.70000000", "2273.97000000", "2270.59000000", "2271.09000000", "1791.83220000", 1706389199999, "4071914.89322100", 7180, "955.72630000", "2171925.08431300", "0"]
I, [2024-01-27T21:32:00.303258 #72487]  INFO -- : open data = [1706385600000, "2272.70000000", "2273.97000000", "2270.59000000", "2271.09000000", "1791.83220000", 1706392799999, "4071914.89322100", 7180, "955.72630000", "2171925.08431300", "0"]
I, [2024-01-27T21:32:00.303556 #72487]  INFO -- : open data = [1706387400000, "2272.27000000", "2272.28000000", "2271.09000000", "2271.09000000", "67.95070000", 1706387699999, "154355.68348400", 361, "20.44350000", "46438.68642900", "0"]
I, [2024-01-27T21:32:00.303970 #72487]  INFO -- : open data = [1706387400000, "2272.27000000", "2272.28000000", "2271.09000000", "2271.09000000", "67.95070000", 1706388299999, "154355.68348400", 361, "20.44350000", "46438.68642900", "0"]
I, [2024-01-27T21:32:00.304262 #72487]  INFO -- : open data = [1706387400000, "2272.27000000", "2272.28000000", "2271.09000000", "2271.09000000", "67.95070000", 1706387579999, "154355.68348400", 361, "20.44350000", "46438.68642900", "0"]
I, [2024-01-27T21:32:00.304541 #72487]  INFO -- : open data = [1706371200000, "41813.99000000", "41999.00000000", "41745.26000000", "41965.23000000", "2538.63084000", 1706399999999, "106262907.18213590", 133890, "1238.19600000", "51834345.44103700", "0"]
I, [2024-01-27T21:32:00.304887 #72487]  INFO -- : open data = [1706385600000, "41910.48000000", "41999.00000000", "41910.47000000", "41965.23000000", "282.42571000", 1706399999999, "11852269.33133910", 12583, "145.25395000", "6095618.89331160", "0"]
I, [2024-01-27T21:32:00.305168 #72487]  INFO -- : open data = [1706387400000, "41972.10000000", "41988.00000000", "41964.16000000", "41965.23000000", "20.62327000", 1706387579999, "865675.28757760", 866, "5.45251000", "228869.58376460", "0"]
I, [2024-01-27T21:32:00.305529 #72487]  INFO -- : open data = [1706378400000, "41779.28000000", "41999.00000000", "41745.26000000", "41965.23000000", "1481.21326000", 1706399999999, "62031958.05177650", 78931, "756.90138000", "31701561.23491970", "0"]
I, [2024-01-27T21:32:00.305859 #72487]  INFO -- : open data = [1706387400000, "41972.10000000", "41988.00000000", "41964.16000000", "41965.23000000", "20.62327000", 1706387699999, "865675.28757760", 866, "5.45251000", "228869.58376460", "0"]
I, [2024-01-27T21:32:00.306139 #72487]  INFO -- : open data = [1706387400000, "41972.10000000", "41988.00000000", "41964.16000000", "41965.23000000", "20.62327000", 1706388299999, "865675.28757760", 866, "5.45251000", "228869.58376460", "0"]
I, [2024-01-27T21:32:00.306421 #72487]  INFO -- : open data = [1704067200000, "42283.58000000", "48969.48000000", "38555.00000000", "41965.23000000", "1264410.33624000", 1706745599999, "54875078334.79602000", 47395485, "637578.57354000", "27678772824.70263760", "0"]
I, [2024-01-27T21:32:00.306743 #72487]  INFO -- : open data = [1705881600000, "41580.32000000", "42246.82000000", "38555.00000000", "41965.23000000", "244637.77294000", 1706486399999, "9849507485.03048510", 9426170, "125151.34440000", "5037341163.29378710", "0"]
I, [2024-01-27T21:32:00.307026 #72487]  INFO -- : open data = [1706313600000, "41823.51000000", "41999.00000000", "41394.34000000", "41965.23000000", "13554.02592000", 1706399999999, "565984461.31505560", 643286, "6416.17083000", "267911621.96538250", "0"]
I, [2024-01-27T21:32:00.307309 #72487]  INFO -- : open data = [1706356800000, "41761.22000000", "41999.00000000", "41714.00000000", "41965.23000000", "4645.25339000", 1706399999999, "194279253.45450030", 259791, "2190.91040000", "91638837.57312750", "0"]
I, [2024-01-27T21:32:00.307626 #72487]  INFO -- : open data = [1706385600000, "41910.48000000", "41999.00000000", "41910.47000000", "41965.23000000", "282.42571000", 1706389199999, "11852269.33133910", 12583, "145.25395000", "6095618.89331160", "0"]
I, [2024-01-27T21:32:00.308002 #72487]  INFO -- : open data = [1706385600000, "41910.48000000", "41999.00000000", "41910.47000000", "41965.23000000", "282.42571000", 1706392799999, "11852269.33133910", 12583, "145.25395000", "6095618.89331160", "0"]
I, [2024-01-27T21:32:00.308298 #72487]  INFO -- : open data = [1706387460000, "41976.48000000", "41976.49000000", "41964.16000000", "41965.23000000", "9.42630000", 1706387519999, "395632.86212710", 369, "1.25225000", "52555.47248670", "0"]
I, [2024-01-27T21:32:00.308642 #72487]  INFO -- : open data = [1706140800000, "40084.89000000", "42246.82000000", "39550.00000000", "41965.23000000", "91961.11171000", 1706399999999, "3756498416.75747630", 3559380, "46776.17553000", "1910386062.05590020", "0"]
I, [2024-01-27T21:32:00.308970 #72487]  INFO -- : open data = [1706387400000, "41972.10000000", "41988.00000000", "41964.16000000", "41965.23000000", "20.62327000", 1706389199999, "865675.28757760", 866, "5.45251000", "228869.58376460", "0"]
I, [2024-01-27T21:32:00.309251 #72487]  INFO -- : closed data = [1706387460000, "244.30000000", "244.40000000", "244.30000000", "244.30000000", "3.76600000", 1706387519999, "920.11560000", 6, "0.81800000", "199.91920000", "0"]
I, [2024-01-27T21:32:00.336764 #72487]  INFO -- : closed data = [1706387460000, "41976.48000000", "41976.49000000", "41964.16000000", "41965.24000000", "9.44801000", 1706387519999, "396543.92738930", 386, "1.26414000", "53054.43919030", "0"]
I, [2024-01-27T21:32:00.352913 #72487]  INFO -- : closed data = [1706387460000, "2271.80000000", "2271.81000000", "2271.09000000", "2271.10000000", "45.32440000", 1706387519999, "102949.23393200", 183, "14.14420000", "32127.08064400", "0"]
I, [2024-01-27T21:33:00.328745 #72487]  INFO -- : open data = [1706371200000, "41813.99000000", "41999.00000000", "41745.26000000", "41955.21000000", "2554.08865000", 1706399999999, "106911506.27025920", 134386, "1239.73495000", "51898916.82426500", "0"]
I, [2024-01-27T21:33:00.329250 #72487]  INFO -- : open data = [1706385600000, "41910.48000000", "41999.00000000", "41910.47000000", "41955.21000000", "297.88352000", 1706399999999, "12500868.41946240", 13079, "146.79290000", "6160190.27653960", "0"]
I, [2024-01-27T21:33:00.329617 #72487]  INFO -- : open data = [1706387400000, "41972.10000000", "41988.00000000", "41950.67000000", "41955.21000000", "36.08108000", 1706387579999, "1514274.37570090", 1362, "6.99146000", "293440.96699260", "0"]
I, [2024-01-27T21:33:00.329912 #72487]  INFO -- : open data = [1706378400000, "41779.28000000", "41999.00000000", "41745.26000000", "41955.21000000", "1496.67107000", 1706399999999, "62680557.13989980", 79427, "758.44033000", "31766132.61814770", "0"]
I, [2024-01-27T21:33:00.330196 #72487]  INFO -- : open data = [1706387400000, "41972.10000000", "41988.00000000", "41950.67000000", "41955.21000000", "36.08108000", 1706387699999, "1514274.37570090", 1362, "6.99146000", "293440.96699260", "0"]
I, [2024-01-27T21:33:00.330543 #72487]  INFO -- : open data = [1706387400000, "41972.10000000", "41988.00000000", "41950.67000000", "41955.21000000", "36.08108000", 1706388299999, "1514274.37570090", 1362, "6.99146000", "293440.96699260", "0"]
I, [2024-01-27T21:33:00.330826 #72487]  INFO -- : open data = [1704067200000, "42283.58000000", "48969.48000000", "38555.00000000", "41955.21000000", "1264425.79405000", 1706745599999, "54875726933.88414330", 47395981, "637580.11249000", "27678837396.08586560", "0"]
I, [2024-01-27T21:33:00.331103 #72487]  INFO -- : open data = [1705881600000, "41580.32000000", "42246.82000000", "38555.00000000", "41955.21000000", "244653.23075000", 1706486399999, "9850156084.11860840", 9426666, "125152.88335000", "5037405734.67701510", "0"]
I, [2024-01-27T21:33:00.331423 #72487]  INFO -- : open data = [1706313600000, "41823.51000000", "41999.00000000", "41394.34000000", "41955.21000000", "13569.48373000", 1706399999999, "566633060.40317890", 643782, "6417.70978000", "267976193.34861050", "0"]
I, [2024-01-27T21:33:00.331780 #72487]  INFO -- : open data = [1706356800000, "41761.22000000", "41999.00000000", "41714.00000000", "41955.21000000", "4660.71120000", 1706399999999, "194927852.54262360", 260287, "2192.44935000", "91703408.95635550", "0"]
I, [2024-01-27T21:33:00.332083 #72487]  INFO -- : open data = [1706385600000, "41910.48000000", "41999.00000000", "41910.47000000", "41955.21000000", "297.88352000", 1706389199999, "12500868.41946240", 13079, "146.79290000", "6160190.27653960", "0"]
I, [2024-01-27T21:33:00.332424 #72487]  INFO -- : open data = [1706385600000, "41910.48000000", "41999.00000000", "41910.47000000", "41955.21000000", "297.88352000", 1706392799999, "12500868.41946240", 13079, "146.79290000", "6160190.27653960", "0"]
I, [2024-01-27T21:33:00.332738 #72487]  INFO -- : open data = [1706387520000, "41965.23000000", "41965.24000000", "41950.67000000", "41955.21000000", "15.43610000", 1706387579999, "647688.02286110", 479, "1.52706000", "64072.41652440", "0"]
I, [2024-01-27T21:33:00.333017 #72487]  INFO -- : open data = [1706140800000, "40084.89000000", "42246.82000000", "39550.00000000", "41955.21000000", "91976.56952000", 1706399999999, "3757147015.84559960", 3559876, "46777.71448000", "1910450633.43912820", "0"]
I, [2024-01-27T21:33:00.333346 #72487]  INFO -- : open data = [1706387400000, "41972.10000000", "41988.00000000", "41950.67000000", "41955.21000000", "36.08108000", 1706389199999, "1514274.37570090", 1362, "6.99146000", "293440.96699260", "0"]
I, [2024-01-27T21:33:00.333642 #72487]  INFO -- : open data = [1706356800000, "2265.48000000", "2277.49000000", "2261.35000000", "2270.71000000", "42297.28820000", 1706399999999, "95978003.56367300", 138579, "22503.75030000", "51064898.51258500", "0"]
I, [2024-01-27T21:33:00.333931 #72487]  INFO -- : open data = [1704067200000, "2281.87000000", "2717.32000000", "2100.00000000", "2270.71000000", "11912302.94990000", 1706745599999, "28558580435.79586700", 25363045, "5955410.24340000", "14277185864.25836200", "0"]
I, [2024-01-27T21:33:00.334273 #72487]  INFO -- : open data = [1705881600000, "2457.06000000", "2466.10000000", "2168.07000000", "2270.71000000", "2401421.19000000", 1706486399999, "5444923267.19925900", 4879647, "1172437.78890000", "2656569912.83147800", "0"]
I, [2024-01-27T21:33:00.334569 #72487]  INFO -- : open data = [1706387520000, "2271.09000000", "2271.10000000", "2270.31000000", "2270.71000000", "58.60100000", 1706387579999, "133068.82100800", 225, "15.11920000", "34329.38404500", "0"]
I, [2024-01-27T21:33:00.334856 #72487]  INFO -- : open data = [1706140800000, "2235.02000000", "2282.94000000", "2171.30000000", "2270.71000000", "815127.05980000", 1706399999999, "1821491573.32975000", 1940659, "408581.80560000", "912934533.43471300", "0"]
I, [2024-01-27T21:33:00.335193 #72487]  INFO -- : open data = [1706378400000, "2265.65000000", "2277.49000000", "2263.43000000", "2270.71000000", "10332.60580000", 1706399999999, "23468770.06266100", 38791, "5557.05810000", "12621613.30263100", "0"]
I, [2024-01-27T21:33:00.335499 #72487]  INFO -- : open data = [1706387400000, "2272.27000000", "2272.28000000", "2270.31000000", "2270.71000000", "127.33790000", 1706389199999, "289210.03843500", 607, "35.86120000", "81445.99382400", "0"]
I, [2024-01-27T21:33:00.335863 #72487]  INFO -- : open data = [1706313600000, "2267.67000000", "2282.94000000", "2251.40000000", "2270.71000000", "121134.02820000", 1706399999999, "274721726.78429000", 360892, "58706.80730000", "133149574.94738800", "0"]
I, [2024-01-27T21:33:00.336205 #72487]  INFO -- : open data = [1706371200000, "2270.18000000", "2277.49000000", "2261.35000000", "2270.71000000", "22222.28380000", 1706399999999, "50435683.08633200", 72535, "11396.29250000", "25867341.14582400", "0"]
I, [2024-01-27T21:33:00.336502 #72487]  INFO -- : open data = [1706385600000, "2272.70000000", "2273.97000000", "2270.31000000", "2270.71000000", "1851.21940000", 1706399999999, "4206769.24817200", 7426, "971.14400000", "2206932.39170800", "0"]
I, [2024-01-27T21:33:00.336789 #72487]  INFO -- : open data = [1706385600000, "2272.70000000", "2273.97000000", "2270.31000000", "2270.71000000", "1851.21940000", 1706389199999, "4206769.24817200", 7426, "971.14400000", "2206932.39170800", "0"]
I, [2024-01-27T21:33:00.337100 #72487]  INFO -- : open data = [1706385600000, "2272.70000000", "2273.97000000", "2270.31000000", "2270.71000000", "1851.21940000", 1706392799999, "4206769.24817200", 7426, "971.14400000", "2206932.39170800", "0"]
I, [2024-01-27T21:33:00.337403 #72487]  INFO -- : open data = [1706387400000, "2272.27000000", "2272.28000000", "2270.31000000", "2270.71000000", "127.33790000", 1706387699999, "289210.03843500", 607, "35.86120000", "81445.99382400", "0"]
I, [2024-01-27T21:33:00.337687 #72487]  INFO -- : open data = [1706387400000, "2272.27000000", "2272.28000000", "2270.31000000", "2270.71000000", "127.33790000", 1706388299999, "289210.03843500", 607, "35.86120000", "81445.99382400", "0"]
I, [2024-01-27T21:33:00.337988 #72487]  INFO -- : open data = [1706387400000, "2272.27000000", "2272.28000000", "2270.31000000", "2270.71000000", "127.33790000", 1706387579999, "289210.03843500", 607, "35.86120000", "81445.99382400", "0"]
I, [2024-01-27T21:33:00.338316 #72487]  INFO -- : closed data = [1706387520000, "244.30000000", "244.40000000", "244.20000000", "244.20000000", "37.07500000", 1706387579999, "9057.28010000", 18, "15.51200000", "3789.87580000", "0"]
I, [2024-01-27T21:33:00.353133 #72487]  INFO -- : closed data = [1706387400000, "41972.10000000", "41988.00000000", "41950.67000000", "41955.20000000", "36.10649000", 1706387579999, "1515340.45743560", 1383, "7.00173000", "293871.84699930", "0"]
I, [2024-01-27T21:33:00.365223 #72487]  INFO -- : closed data = [1706387400000, "244.40000000", "244.40000000", "244.20000000", "244.20000000", "48.32000000", 1706387579999, "11805.26330000", 28, "23.80900000", "5817.66260000", "0"]
I, [2024-01-27T21:33:00.377318 #72487]  INFO -- : closed data = [1706387520000, "41965.23000000", "41965.24000000", "41950.67000000", "41955.20000000", "15.46151000", 1706387579999, "648754.10459580", 500, "1.53733000", "64503.29653110", "0"]
I, [2024-01-27T21:33:00.388627 #72487]  INFO -- : closed data = [1706387520000, "2271.09000000", "2271.10000000", "2270.31000000", "2270.70000000", "59.04770000", 1706387579999, "134083.14490000", 240, "15.33940000", "34829.39438700", "0"]
I, [2024-01-27T21:33:00.402649 #72487]  INFO -- : closed data = [1706387400000, "2272.27000000", "2272.28000000", "2270.31000000", "2270.70000000", "127.78460000", 1706387579999, "290224.36232700", 622, "36.08140000", "81946.00416600", "0"]
I, [2024-01-27T21:34:00.152495 #72487]  INFO -- : open data = [1706371200000, "41813.99000000", "41999.00000000", "41745.26000000", "41978.91000000", "2564.52651000", 1706399999999, "107349584.19338940", 134829, "1245.94740000", "52159641.59173320", "0"]
I, [2024-01-27T21:34:00.153006 #72487]  INFO -- : open data = [1706385600000, "41910.48000000", "41999.00000000", "41910.47000000", "41978.91000000", "308.32138000", 1706399999999, "12938946.34259260", 13522, "153.00535000", "6420915.04400780", "0"]
I, [2024-01-27T21:34:00.153355 #72487]  INFO -- : open data = [1706387580000, "41955.20000000", "41978.91000000", "41955.20000000", "41978.91000000", "10.41245000", 1706387759999, "437011.84139550", 422, "6.20218000", "260293.88746150", "0"]
I, [2024-01-27T21:34:00.153770 #72487]  INFO -- : open data = [1706378400000, "41779.28000000", "41999.00000000", "41745.26000000", "41978.91000000", "1507.10893000", 1706399999999, "63118635.06303000", 79870, "764.65278000", "32026857.38561590", "0"]
I, [2024-01-27T21:34:00.154091 #72487]  INFO -- : open data = [1706387400000, "41972.10000000", "41988.00000000", "41950.67000000", "41978.91000000", "46.51894000", 1706387699999, "1952352.29883110", 1805, "13.20391000", "554165.73446080", "0"]
I, [2024-01-27T21:34:00.154431 #72487]  INFO -- : open data = [1706387400000, "41972.10000000", "41988.00000000", "41950.67000000", "41978.91000000", "46.51894000", 1706388299999, "1952352.29883110", 1805, "13.20391000", "554165.73446080", "0"]
I, [2024-01-27T21:34:00.154758 #72487]  INFO -- : open data = [1704067200000, "42283.58000000", "48969.48000000", "38555.00000000", "41978.91000000", "1264436.23191000", 1706745599999, "54876165011.80727350", 47396424, "637586.32494000", "27679098120.85333380", "0"]
I, [2024-01-27T21:34:00.155053 #72487]  INFO -- : open data = [1705881600000, "41580.32000000", "42246.82000000", "38555.00000000", "41978.91000000", "244663.66861000", 1706486399999, "9850594162.04173860", 9427109, "125159.09580000", "5037666459.44448330", "0"]
I, [2024-01-27T21:34:00.155433 #72487]  INFO -- : open data = [1706313600000, "41823.51000000", "41999.00000000", "41394.34000000", "41978.91000000", "13579.92159000", 1706399999999, "567071138.32630910", 644225, "6423.92223000", "268236918.11607870", "0"]
I, [2024-01-27T21:34:00.155894 #72487]  INFO -- : open data = [1706356800000, "41761.22000000", "41999.00000000", "41714.00000000", "41978.91000000", "4671.14906000", 1706399999999, "195365930.46575380", 260730, "2198.66180000", "91964133.72382370", "0"]
I, [2024-01-27T21:34:00.156218 #72487]  INFO -- : open data = [1706385600000, "41910.48000000", "41999.00000000", "41910.47000000", "41978.91000000", "308.32138000", 1706389199999, "12938946.34259260", 13522, "153.00535000", "6420915.04400780", "0"]
I, [2024-01-27T21:34:00.156555 #72487]  INFO -- : open data = [1706385600000, "41910.48000000", "41999.00000000", "41910.47000000", "41978.91000000", "308.32138000", 1706392799999, "12938946.34259260", 13522, "153.00535000", "6420915.04400780", "0"]
I, [2024-01-27T21:34:00.156843 #72487]  INFO -- : open data = [1706387580000, "41955.20000000", "41978.91000000", "41955.20000000", "41978.91000000", "10.41245000", 1706387639999, "437011.84139550", 422, "6.20218000", "260293.88746150", "0"]
I, [2024-01-27T21:34:00.157126 #72487]  INFO -- : open data = [1706140800000, "40084.89000000", "42246.82000000", "39550.00000000", "41978.91000000", "91987.00738000", 1706399999999, "3757585093.76872980", 3560319, "46783.92693000", "1910711358.20659640", "0"]
I, [2024-01-27T21:34:00.157445 #72487]  INFO -- : open data = [1706387400000, "41972.10000000", "41988.00000000", "41950.67000000", "41978.91000000", "46.51894000", 1706389199999, "1952352.29883110", 1805, "13.20391000", "554165.73446080", "0"]
I, [2024-01-27T21:34:00.157740 #72487]  INFO -- : open data = [1706356800000, "2265.48000000", "2277.49000000", "2261.35000000", "2271.65000000", "42371.94970000", 1706399999999, "96147580.88222800", 138825, "22545.51430000", "51159747.43237700", "0"]
I, [2024-01-27T21:34:00.158025 #72487]  INFO -- : open data = [1705881600000, "2457.06000000", "2466.10000000", "2168.07000000", "2271.65000000", "2401495.85150000", 1706486399999, "5445092844.51781400", 4879893, "1172479.55290000", "2656664761.75127000", "0"]
I, [2024-01-27T21:34:00.158358 #72487]  INFO -- : open data = [1704067200000, "2281.87000000", "2717.32000000", "2100.00000000", "2271.65000000", "11912377.61140000", 1706745599999, "28558750013.11442200", 25363291, "5955452.00740000", "14277280713.17815400", "0"]
I, [2024-01-27T21:34:00.158656 #72487]  INFO -- : open data = [1706387580000, "2270.71000000", "2271.67000000", "2270.70000000", "2271.65000000", "74.21480000", 1706387639999, "168562.99466300", 231, "41.54380000", "94348.90945000", "0"]
I, [2024-01-27T21:34:00.158936 #72487]  INFO -- : open data = [1706387400000, "2272.27000000", "2272.28000000", "2270.31000000", "2271.65000000", "201.99940000", 1706389199999, "458787.35699000", 853, "77.62520000", "176294.91361600", "0"]
I, [2024-01-27T21:34:00.159215 #72487]  INFO -- : open data = [1706378400000, "2265.65000000", "2277.49000000", "2263.43000000", "2271.65000000", "10407.26730000", 1706399999999, "23638347.38121600", 39037, "5598.82210000", "12716462.22242300", "0"]
I, [2024-01-27T21:34:00.159525 #72487]  INFO -- : open data = [1706140800000, "2235.02000000", "2282.94000000", "2171.30000000", "2271.65000000", "815201.72130000", 1706399999999, "1821661150.64830500", 1940905, "408623.56960000", "913029382.35450500", "0"]
I, [2024-01-27T21:34:00.159821 #72487]  INFO -- : open data = [1706387580000, "2270.71000000", "2271.67000000", "2270.70000000", "2271.65000000", "74.21480000", 1706387759999, "168562.99466300", 231, "41.54380000", "94348.90945000", "0"]
I, [2024-01-27T21:34:00.160161 #72487]  INFO -- : open data = [1706387400000, "2272.27000000", "2272.28000000", "2270.31000000", "2271.65000000", "201.99940000", 1706387699999, "458787.35699000", 853, "77.62520000", "176294.91361600", "0"]
I, [2024-01-27T21:34:00.160481 #72487]  INFO -- : open data = [1706387400000, "2272.27000000", "2272.28000000", "2270.31000000", "2271.65000000", "201.99940000", 1706388299999, "458787.35699000", 853, "77.62520000", "176294.91361600", "0"]
I, [2024-01-27T21:34:00.160782 #72487]  INFO -- : open data = [1706385600000, "2272.70000000", "2273.97000000", "2270.31000000", "2271.65000000", "1925.88090000", 1706399999999, "4376346.56672700", 7672, "1012.90800000", "2301781.31150000", "0"]
I, [2024-01-27T21:34:00.161129 #72487]  INFO -- : open data = [1706385600000, "2272.70000000", "2273.97000000", "2270.31000000", "2271.65000000", "1925.88090000", 1706389199999, "4376346.56672700", 7672, "1012.90800000", "2301781.31150000", "0"]
I, [2024-01-27T21:34:00.161697 #72487]  INFO -- : open data = [1706371200000, "2270.18000000", "2277.49000000", "2261.35000000", "2271.65000000", "22296.94530000", 1706399999999, "50605260.40488700", 72781, "11438.05650000", "25962190.06561600", "0"]
I, [2024-01-27T21:34:00.162032 #72487]  INFO -- : open data = [1706385600000, "2272.70000000", "2273.97000000", "2270.31000000", "2271.65000000", "1925.88090000", 1706392799999, "4376346.56672700", 7672, "1012.90800000", "2301781.31150000", "0"]
I, [2024-01-27T21:34:00.162380 #72487]  INFO -- : open data = [1706313600000, "2267.67000000", "2282.94000000", "2251.40000000", "2271.65000000", "121208.68970000", 1706399999999, "274891304.10284500", 361138, "58748.57130000", "133244423.86718000", "0"]
I, [2024-01-27T21:34:00.162673 #72487]  INFO -- : closed data = [1706387580000, "244.30000000", "244.30000000", "244.30000000", "244.30000000", "0.48600000", 1706387639999, "118.72980000", 2, "0.40900000", "99.91870000", "0"]
I, [2024-01-27T21:34:00.174344 #72487]  INFO -- : closed data = [1706387580000, "41955.20000000", "41978.91000000", "41955.20000000", "41978.91000000", "10.91087000", 1706387639999, "457934.96936890", 453, "6.66572000", "279752.79140290", "0"]
I, [2024-01-27T21:34:00.186334 #72487]  INFO -- : closed data = [1706387580000, "2270.71000000", "2271.67000000", "2270.70000000", "2271.65000000", "74.81880000", 1706387639999, "169935.07438600", 252, "41.85610000", "95058.34886800", "0"]
I, [2024-01-27T21:35:00.154357 #72487]  INFO -- : open data = [1706356800000, "2265.48000000", "2277.49000000", "2261.35000000", "2271.57000000", "42402.45940000", 1706399999999, "96216888.29802000", 138991, "22560.49810000", "51193785.51626900", "0"]
I, [2024-01-27T21:35:00.154792 #72487]  INFO -- : open data = [1704067200000, "2281.87000000", "2717.32000000", "2100.00000000", "2271.57000000", "11912408.12110000", 1706745599999, "28558819320.53021400", 25363457, "5955466.99120000", "14277314751.26204600", "0"]
I, [2024-01-27T21:35:00.155115 #72487]  INFO -- : open data = [1705881600000, "2457.06000000", "2466.10000000", "2168.07000000", "2271.57000000", "2401526.36120000", 1706486399999, "5445162151.93360600", 4880059, "1172494.53670000", "2656698799.83516200", "0"]
I, [2024-01-27T21:35:00.155426 #72487]  INFO -- : open data = [1706387640000, "2271.66000000", "2271.66000000", "2271.57000000", "2271.57000000", "29.90570000", 1706387699999, "67935.33606900", 145, "14.67150000", "33328.64447400", "0"]
I, [2024-01-27T21:35:00.155764 #72487]  INFO -- : open data = [1706140800000, "2235.02000000", "2282.94000000", "2171.30000000", "2271.57000000", "815232.23100000", 1706399999999, "1821730458.06409700", 1941071, "408638.55340000", "913063420.43839700", "0"]
I, [2024-01-27T21:35:00.156057 #72487]  INFO -- : open data = [1706378400000, "2265.65000000", "2277.49000000", "2263.43000000", "2271.57000000", "10437.77700000", 1706399999999, "23707654.79700800", 39203, "5613.80590000", "12750500.30631500", "0"]
I, [2024-01-27T21:35:00.156381 #72487]  INFO -- : open data = [1706387400000, "2272.27000000", "2272.28000000", "2270.31000000", "2271.57000000", "232.50910000", 1706389199999, "528094.77278200", 1019, "92.60900000", "210332.99750800", "0"]
I, [2024-01-27T21:35:00.156655 #72487]  INFO -- : open data = [1706313600000, "2267.67000000", "2282.94000000", "2251.40000000", "2271.57000000", "121239.19940000", 1706399999999, "274960611.51863700", 361304, "58763.55510000", "133278461.95107200", "0"]
I, [2024-01-27T21:35:00.156928 #72487]  INFO -- : open data = [1706371200000, "2270.18000000", "2277.49000000", "2261.35000000", "2271.57000000", "22327.45500000", 1706399999999, "50674567.82067900", 72947, "11453.04030000", "25996228.14950800", "0"]
I, [2024-01-27T21:35:00.159882 #72487]  INFO -- : open data = [1706385600000, "2272.70000000", "2273.97000000", "2270.31000000", "2271.57000000", "1956.39060000", 1706399999999, "4445653.98251900", 7838, "1027.89180000", "2335819.39539200", "0"]
I, [2024-01-27T21:35:00.160063 #72487]  INFO -- : open data = [1706385600000, "2272.70000000", "2273.97000000", "2270.31000000", "2271.57000000", "1956.39060000", 1706389199999, "4445653.98251900", 7838, "1027.89180000", "2335819.39539200", "0"]
I, [2024-01-27T21:35:00.160178 #72487]  INFO -- : open data = [1706385600000, "2272.70000000", "2273.97000000", "2270.31000000", "2271.57000000", "1956.39060000", 1706392799999, "4445653.98251900", 7838, "1027.89180000", "2335819.39539200", "0"]
I, [2024-01-27T21:35:00.160283 #72487]  INFO -- : open data = [1706387400000, "2272.27000000", "2272.28000000", "2270.31000000", "2271.57000000", "232.50910000", 1706387699999, "528094.77278200", 1019, "92.60900000", "210332.99750800", "0"]
I, [2024-01-27T21:35:00.160387 #72487]  INFO -- : open data = [1706387400000, "2272.27000000", "2272.28000000", "2270.31000000", "2271.57000000", "232.50910000", 1706388299999, "528094.77278200", 1019, "92.60900000", "210332.99750800", "0"]
I, [2024-01-27T21:35:00.160490 #72487]  INFO -- : open data = [1706387580000, "2270.71000000", "2271.67000000", "2270.70000000", "2271.57000000", "104.72450000", 1706387759999, "237870.41045500", 397, "56.52760000", "128386.99334200", "0"]
I, [2024-01-27T21:35:00.160620 #72487]  INFO -- : open data = [1706371200000, "41813.99000000", "41999.00000000", "41745.26000000", "41979.99000000", "2568.88712000", 1706399999999, "107532640.65302660", 135057, "1248.57177000", "52269810.80570680", "0"]
I, [2024-01-27T21:35:00.160732 #72487]  INFO -- : open data = [1706385600000, "41910.48000000", "41999.00000000", "41910.47000000", "41979.99000000", "312.68199000", 1706399999999, "13122002.80222980", 13750, "155.62972000", "6531084.25798140", "0"]
I, [2024-01-27T21:35:00.160838 #72487]  INFO -- : open data = [1706387580000, "41955.20000000", "41979.99000000", "41955.20000000", "41979.99000000", "14.77306000", 1706387759999, "620068.30103270", 650, "8.82655000", "370463.10143510", "0"]
I, [2024-01-27T21:35:00.160988 #72487]  INFO -- : open data = [1706378400000, "41779.28000000", "41999.00000000", "41745.26000000", "41979.99000000", "1511.46954000", 1706399999999, "63301691.52266720", 80098, "767.27715000", "32137026.59958950", "0"]
I, [2024-01-27T21:35:00.161139 #72487]  INFO -- : open data = [1706387400000, "41972.10000000", "41988.00000000", "41950.67000000", "41979.99000000", "50.87955000", 1706387699999, "2135408.75846830", 2033, "15.82828000", "664334.94843440", "0"]
I, [2024-01-27T21:35:00.161246 #72487]  INFO -- : open data = [1706387400000, "41972.10000000", "41988.00000000", "41950.67000000", "41979.99000000", "50.87955000", 1706388299999, "2135408.75846830", 2033, "15.82828000", "664334.94843440", "0"]
I, [2024-01-27T21:35:00.161356 #72487]  INFO -- : open data = [1704067200000, "42283.58000000", "48969.48000000", "38555.00000000", "41979.99000000", "1264440.59252000", 1706745599999, "54876348068.26691070", 47396652, "637588.94931000", "27679208290.06730740", "0"]
I, [2024-01-27T21:35:00.161465 #72487]  INFO -- : open data = [1705881600000, "41580.32000000", "42246.82000000", "38555.00000000", "41979.99000000", "244668.02922000", 1706486399999, "9850777218.50137580", 9427337, "125161.72017000", "5037776628.65845690", "0"]
I, [2024-01-27T21:35:00.161578 #72487]  INFO -- : open data = [1706313600000, "41823.51000000", "41999.00000000", "41394.34000000", "41979.99000000", "13584.28220000", 1706399999999, "567254194.78594630", 644453, "6426.54660000", "268347087.33005230", "0"]
I, [2024-01-27T21:35:00.161709 #72487]  INFO -- : open data = [1706356800000, "41761.22000000", "41999.00000000", "41714.00000000", "41979.99000000", "4675.50967000", 1706399999999, "195548986.92539100", 260958, "2201.28617000", "92074302.93779730", "0"]
I, [2024-01-27T21:35:00.161866 #72487]  INFO -- : open data = [1706385600000, "41910.48000000", "41999.00000000", "41910.47000000", "41979.99000000", "312.68199000", 1706389199999, "13122002.80222980", 13750, "155.62972000", "6531084.25798140", "0"]
I, [2024-01-27T21:35:00.162048 #72487]  INFO -- : open data = [1706385600000, "41910.48000000", "41999.00000000", "41910.47000000", "41979.99000000", "312.68199000", 1706392799999, "13122002.80222980", 13750, "155.62972000", "6531084.25798140", "0"]
I, [2024-01-27T21:35:00.162201 #72487]  INFO -- : open data = [1706387640000, "41978.90000000", "41979.99000000", "41978.90000000", "41979.99000000", "3.86219000", 1706387699999, "162133.33166380", 197, "2.16083000", "90710.31003220", "0"]
I, [2024-01-27T21:35:00.162336 #72487]  INFO -- : open data = [1706140800000, "40084.89000000", "42246.82000000", "39550.00000000", "41979.99000000", "91991.36799000", 1706399999999, "3757768150.22836700", 3560547, "46786.55130000", "1910821527.42057000", "0"]
I, [2024-01-27T21:35:00.162467 #72487]  INFO -- : open data = [1706387400000, "41972.10000000", "41988.00000000", "41950.67000000", "41979.99000000", "50.87955000", 1706389199999, "2135408.75846830", 2033, "15.82828000", "664334.94843440", "0"]
I, [2024-01-27T21:35:00.162586 #72487]  INFO -- : closed data = [1706387640000, "244.40000000", "244.40000000", "244.30000000", "244.30000000", "0.74000000", 1706387699999, "180.80320000", 5, "0.21200000", "51.81280000", "0"]
I, [2024-01-27T21:35:00.184299 #72487]  INFO -- : closed data = [1706387400000, "41972.10000000", "41988.00000000", "41950.67000000", "41979.98000000", "50.92122000", 1706387699999, "2137158.06450900", 2059, "15.85569000", "665485.61996030", "0"]
I, [2024-01-27T21:35:00.196862 #72487]  INFO -- : closed data = [1706387400000, "244.40000000", "244.40000000", "244.20000000", "244.30000000", "49.54600000", 1706387699999, "12104.79630000", 35, "24.43000000", "5969.39410000", "0"]
I, [2024-01-27T21:35:00.210311 #72487]  INFO -- : closed data = [1706387640000, "41978.90000000", "41979.99000000", "41978.90000000", "41979.98000000", "3.90386000", 1706387699999, "163882.63770450", 223, "2.18824000", "91860.98155810", "0"]
I, [2024-01-27T21:35:00.220749 #72487]  INFO -- : closed data = [1706387640000, "2271.66000000", "2271.66000000", "2271.57000000", "2271.58000000", "32.32730000", 1706387699999, "73436.17324500", 176, "14.99790000", "34070.08818600", "0"]
I, [2024-01-27T21:35:00.235058 #72487]  INFO -- : closed data = [1706387400000, "2272.27000000", "2272.28000000", "2270.31000000", "2271.58000000", "234.93070000", 1706387699999, "533595.60995800", 1050, "92.93540000", "211074.44122000", "0"]
I, [2024-01-27T21:36:00.153479 #72487]  INFO -- : open data = [1706371200000, "41813.99000000", "41999.00000000", "41745.26000000", "41996.00000000", "2577.12410000", 1706399999999, "107878491.60545350", 135484, "1254.85615000", "52533673.30979300", "0"]
I, [2024-01-27T21:36:00.153678 #72487]  INFO -- : open data = [1706385600000, "41910.48000000", "41999.00000000", "41910.47000000", "41996.00000000", "320.91897000", 1706399999999, "13467853.75465670", 14177, "161.91410000", "6794946.76206760", "0"]
I, [2024-01-27T21:36:00.153801 #72487]  INFO -- : open data = [1706387580000, "41955.20000000", "41996.28000000", "41955.20000000", "41996.00000000", "23.01004000", 1706387759999, "965919.25345960", 1077, "15.11093000", "634325.60552130", "0"]
I, [2024-01-27T21:36:00.153976 #72487]  INFO -- : open data = [1706378400000, "41779.28000000", "41999.00000000", "41745.26000000", "41996.00000000", "1519.70652000", 1706399999999, "63647542.47509410", 80525, "773.56153000", "32400889.10367570", "0"]
I, [2024-01-27T21:36:00.154143 #72487]  INFO -- : open data = [1706387400000, "41972.10000000", "41996.28000000", "41950.67000000", "41996.00000000", "59.11653000", 1706388299999, "2481259.71089520", 2460, "22.11266000", "928197.45252060", "0"]
I, [2024-01-27T21:36:00.154257 #72487]  INFO -- : open data = [1706387700000, "41979.98000000", "41996.28000000", "41979.98000000", "41996.00000000", "8.19531000", 1706387999999, "344101.64638620", 401, "6.25697000", "262711.83256030", "0"]
I, [2024-01-27T21:36:00.154396 #72487]  INFO -- : open data = [1704067200000, "42283.58000000", "48969.48000000", "38555.00000000", "41996.00000000", "1264448.82950000", 1706745599999, "54876693919.21933760", 47397079, "637595.23369000", "27679472152.57139360", "0"]
I, [2024-01-27T21:36:00.154507 #72487]  INFO -- : open data = [1705881600000, "41580.32000000", "42246.82000000", "38555.00000000", "41996.00000000", "244676.26620000", 1706486399999, "9851123069.45380270", 9427764, "125168.00455000", "5038040491.16254310", "0"]
I, [2024-01-27T21:36:00.154615 #72487]  INFO -- : open data = [1706313600000, "41823.51000000", "41999.00000000", "41394.34000000", "41996.00000000", "13592.51918000", 1706399999999, "567600045.73837320", 644880, "6432.83098000", "268610949.83413850", "0"]
I, [2024-01-27T21:36:00.154723 #72487]  INFO -- : open data = [1706356800000, "41761.22000000", "41999.00000000", "41714.00000000", "41996.00000000", "4683.74665000", 1706399999999, "195894837.87781790", 261385, "2207.57055000", "92338165.44188350", "0"]
I, [2024-01-27T21:36:00.155521 #72487]  INFO -- : open data = [1706385600000, "41910.48000000", "41999.00000000", "41910.47000000", "41996.00000000", "320.91897000", 1706389199999, "13467853.75465670", 14177, "161.91410000", "6794946.76206760", "0"]
I, [2024-01-27T21:36:00.155674 #72487]  INFO -- : open data = [1706385600000, "41910.48000000", "41999.00000000", "41910.47000000", "41996.00000000", "320.91897000", 1706392799999, "13467853.75465670", 14177, "161.91410000", "6794946.76206760", "0"]
I, [2024-01-27T21:36:00.155967 #72487]  INFO -- : open data = [1706387700000, "41979.98000000", "41996.28000000", "41979.98000000", "41996.00000000", "8.19531000", 1706387759999, "344101.64638620", 401, "6.25697000", "262711.83256030", "0"]
I, [2024-01-27T21:36:00.156129 #72487]  INFO -- : open data = [1706140800000, "40084.89000000", "42246.82000000", "39550.00000000", "41996.00000000", "91999.60497000", 1706399999999, "3758114001.18079390", 3560974, "46792.83568000", "1911085389.92465620", "0"]
I, [2024-01-27T21:36:00.156263 #72487]  INFO -- : open data = [1706387400000, "41972.10000000", "41996.28000000", "41950.67000000", "41996.00000000", "59.11653000", 1706389199999, "2481259.71089520", 2460, "22.11266000", "928197.45252060", "0"]
I, [2024-01-27T21:36:00.156396 #72487]  INFO -- : open data = [1706356800000, "2265.48000000", "2277.49000000", "2261.35000000", "2272.05000000", "42490.30700000", 1706399999999, "96416445.24389000", 139166, "22627.00400000", "51344862.16876000", "0"]
I, [2024-01-27T21:36:00.156530 #72487]  INFO -- : open data = [1704067200000, "2281.87000000", "2717.32000000", "2100.00000000", "2272.05000000", "11912495.96870000", 1706745599999, "28559018877.47608400", 25363632, "5955533.49710000", "14277465827.91453700", "0"]
I, [2024-01-27T21:36:00.156665 #72487]  INFO -- : open data = [1705881600000, "2457.06000000", "2466.10000000", "2168.07000000", "2272.05000000", "2401614.20880000", 1706486399999, "5445361708.87947600", 4880234, "1172561.04260000", "2656849876.48765300", "0"]
I, [2024-01-27T21:36:00.156797 #72487]  INFO -- : open data = [1706387700000, "2271.58000000", "2272.05000000", "2271.57000000", "2272.05000000", "85.42600000", 1706387759999, "194056.10869400", 144, "66.17950000", "150335.20877900", "0"]
I, [2024-01-27T21:36:00.156972 #72487]  INFO -- : open data = [1706140800000, "2235.02000000", "2282.94000000", "2171.30000000", "2272.05000000", "815320.07860000", 1706399999999, "1821930015.00996700", 1941246, "408705.05930000", "913214497.09088800", "0"]
I, [2024-01-27T21:36:00.157111 #72487]  INFO -- : open data = [1706378400000, "2265.65000000", "2277.49000000", "2263.43000000", "2272.05000000", "10525.62460000", 1706399999999, "23907211.74287800", 39378, "5680.31180000", "12901576.95880600", "0"]
I, [2024-01-27T21:36:00.157239 #72487]  INFO -- : open data = [1706387400000, "2272.27000000", "2272.28000000", "2270.31000000", "2272.05000000", "320.35670000", 1706389199999, "727651.71865200", 1194, "159.11490000", "361409.64999900", "0"]
I, [2024-01-27T21:36:00.157395 #72487]  INFO -- : open data = [1706313600000, "2267.67000000", "2282.94000000", "2251.40000000", "2272.05000000", "121327.04700000", 1706399999999, "275160168.46450700", 361479, "58830.06100000", "133429538.60356300", "0"]
I, [2024-01-27T21:36:00.157532 #72487]  INFO -- : open data = [1706371200000, "2270.18000000", "2277.49000000", "2261.35000000", "2272.05000000", "22415.30260000", 1706399999999, "50874124.76654900", 73122, "11519.54620000", "26147304.80199900", "0"]
I, [2024-01-27T21:36:00.157667 #72487]  INFO -- : open data = [1706385600000, "2272.70000000", "2273.97000000", "2270.31000000", "2272.05000000", "2044.23820000", 1706399999999, "4645210.92838900", 8013, "1094.39770000", "2486896.04788300", "0"]
I, [2024-01-27T21:36:00.157803 #72487]  INFO -- : open data = [1706385600000, "2272.70000000", "2273.97000000", "2270.31000000", "2272.05000000", "2044.23820000", 1706389199999, "4645210.92838900", 8013, "1094.39770000", "2486896.04788300", "0"]
I, [2024-01-27T21:36:00.158001 #72487]  INFO -- : open data = [1706385600000, "2272.70000000", "2273.97000000", "2270.31000000", "2272.05000000", "2044.23820000", 1706392799999, "4645210.92838900", 8013, "1094.39770000", "2486896.04788300", "0"]
I, [2024-01-27T21:36:00.158140 #72487]  INFO -- : open data = [1706387400000, "2272.27000000", "2272.28000000", "2270.31000000", "2272.05000000", "320.35670000", 1706388299999, "727651.71865200", 1194, "159.11490000", "361409.64999900", "0"]
I, [2024-01-27T21:36:00.158271 #72487]  INFO -- : open data = [1706387580000, "2270.71000000", "2272.05000000", "2270.70000000", "2272.05000000", "192.57210000", 1706387759999, "437427.35632500", 572, "123.03350000", "279463.64583300", "0"]
I, [2024-01-27T21:36:00.158401 #72487]  INFO -- : open data = [1706387700000, "2271.58000000", "2272.05000000", "2271.57000000", "2272.05000000", "85.42600000", 1706387999999, "194056.10869400", 144, "66.17950000", "150335.20877900", "0"]
I, [2024-01-27T21:36:00.158523 #72487]  INFO -- : closed data = [1706387700000, "244.30000000", "244.30000000", "244.30000000", "244.30000000", "0.00000000", 1706387759999, "0.00000000", 0, "0.00000000", "0.00000000", "0"]
I, [2024-01-27T21:36:00.170650 #72487]  INFO -- : closed data = [1706387580000, "41955.20000000", "41996.28000000", "41955.20000000", "41996.01000000", "23.02425000", 1706387759999, "966516.01667370", 1089, "15.11634000", "634552.80393540", "0"]
I, [2024-01-27T21:36:00.181414 #72487]  INFO -- : closed data = [1706387580000, "244.30000000", "244.40000000", "244.30000000", "244.30000000", "1.22600000", 1706387759999, "299.53300000", 7, "0.62100000", "151.73150000", "0"]
I, [2024-01-27T21:36:00.193080 #72487]  INFO -- : closed data = [1706387700000, "41979.98000000", "41996.28000000", "41979.98000000", "41996.01000000", "8.20952000", 1706387759999, "344698.40960030", 413, "6.26238000", "262939.03097440", "0"]
I, [2024-01-27T21:36:00.204765 #72487]  INFO -- : closed data = [1706387700000, "2271.58000000", "2272.05000000", "2271.57000000", "2272.04000000", "86.10580000", 1706387759999, "195600.64505500", 168, "66.53640000", "151146.10342400", "0"]
I, [2024-01-27T21:36:00.221223 #72487]  INFO -- : closed data = [1706387580000, "2270.71000000", "2272.05000000", "2270.70000000", "2272.04000000", "193.25190000", 1706387759999, "438971.89268600", 596, "123.39040000", "280274.54047800", "0"]
I, [2024-01-27T21:37:00.191140 #72487]  INFO -- : open data = [1706371200000, "41813.99000000", "42037.33000000", "41745.26000000", "42031.19000000", "2640.98708000", 1706399999999, "110561356.66275980", 138121, "1306.73776000", "54713100.61268050", "0"]
I, [2024-01-27T21:37:00.191341 #72487]  INFO -- : open data = [1706385600000, "41910.48000000", "42037.33000000", "41910.47000000", "42031.19000000", "384.78195000", 1706399999999, "16150718.81196300", 16814, "213.79571000", "8974374.06495510", "0"]
I, [2024-01-27T21:37:00.191464 #72487]  INFO -- : open data = [1706387760000, "41996.01000000", "42037.33000000", "41996.00000000", "42031.19000000", "63.84877000", 1706387939999, "2682268.29409220", 2625, "51.87620000", "2179200.10447340", "0"]
I, [2024-01-27T21:37:00.191637 #72487]  INFO -- : open data = [1706378400000, "41779.28000000", "42037.33000000", "41745.26000000", "42031.19000000", "1583.56950000", 1706399999999, "66330407.53240040", 83162, "825.44314000", "34580316.40656320", "0"]
I, [2024-01-27T21:37:00.191857 #72487]  INFO -- : open data = [1706387400000, "41972.10000000", "42037.33000000", "41950.67000000", "42031.19000000", "122.97951000", 1706388299999, "5164124.76820150", 5097, "73.99427000", "3107624.75540810", "0"]
I, [2024-01-27T21:37:00.191982 #72487]  INFO -- : open data = [1706387700000, "41979.98000000", "42037.33000000", "41979.98000000", "42031.19000000", "72.05829000", 1706387999999, "3026966.70369250", 3038, "58.13858000", "2442139.13544780", "0"]
I, [2024-01-27T21:37:00.192502 #72487]  INFO -- : open data = [1704067200000, "42283.58000000", "48969.48000000", "38555.00000000", "42031.19000000", "1264512.69248000", 1706745599999, "54879376784.27664390", 47399716, "637647.11530000", "27681651579.87428110", "0"]
I, [2024-01-27T21:37:00.192691 #72487]  INFO -- : open data = [1705881600000, "41580.32000000", "42246.82000000", "38555.00000000", "42031.19000000", "244740.12918000", 1706486399999, "9853805934.51110900", 9430401, "125219.88616000", "5040219918.46543060", "0"]
I, [2024-01-27T21:37:00.192808 #72487]  INFO -- : open data = [1706313600000, "41823.51000000", "42037.33000000", "41394.34000000", "42031.19000000", "13656.38216000", 1706399999999, "570282910.79567950", 647517, "6484.71259000", "270790377.13702600", "0"]
I, [2024-01-27T21:37:00.192918 #72487]  INFO -- : open data = [1706356800000, "41761.22000000", "42037.33000000", "41714.00000000", "42031.19000000", "4747.60963000", 1706399999999, "198577702.93512420", 264022, "2259.45216000", "94517592.74477100", "0"]
I, [2024-01-27T21:37:00.193027 #72487]  INFO -- : open data = [1706385600000, "41910.48000000", "42037.33000000", "41910.47000000", "42031.19000000", "384.78195000", 1706389199999, "16150718.81196300", 16814, "213.79571000", "8974374.06495510", "0"]
I, [2024-01-27T21:37:00.193135 #72487]  INFO -- : open data = [1706385600000, "41910.48000000", "42037.33000000", "41910.47000000", "42031.19000000", "384.78195000", 1706392799999, "16150718.81196300", 16814, "213.79571000", "8974374.06495510", "0"]
I, [2024-01-27T21:37:00.193242 #72487]  INFO -- : open data = [1706387760000, "41996.01000000", "42037.33000000", "41996.00000000", "42031.19000000", "63.84877000", 1706387819999, "2682268.29409220", 2625, "51.87620000", "2179200.10447340", "0"]
I, [2024-01-27T21:37:00.193352 #72487]  INFO -- : open data = [1706140800000, "40084.89000000", "42246.82000000", "39550.00000000", "42031.19000000", "92063.46795000", 1706399999999, "3760796866.23810020", 3563611, "46844.71729000", "1913264817.22754370", "0"]
I, [2024-01-27T21:37:00.193458 #72487]  INFO -- : open data = [1706387400000, "41972.10000000", "42037.33000000", "41950.67000000", "42031.19000000", "122.97951000", 1706389199999, "5164124.76820150", 5097, "73.99427000", "3107624.75540810", "0"]
I, [2024-01-27T21:37:00.193605 #72487]  INFO -- : open data = [1706356800000, "2265.48000000", "2277.49000000", "2261.35000000", "2273.69000000", "42578.83410000", 1706399999999, "96617663.30572800", 139421, "22697.35910000", "51504781.61349300", "0"]
I, [2024-01-27T21:37:00.193733 #72487]  INFO -- : open data = [1704067200000, "2281.87000000", "2717.32000000", "2100.00000000", "2273.69000000", "11912584.49580000", 1706745599999, "28559220095.53792200", 25363887, "5955603.85220000", "14277625747.35927000", "0"]
I, [2024-01-27T21:37:00.193847 #72487]  INFO -- : open data = [1705881600000, "2457.06000000", "2466.10000000", "2168.07000000", "2273.69000000", "2401702.73590000", 1706486399999, "5445562926.94131400", 4880489, "1172631.39770000", "2657009795.93238600", "0"]
I, [2024-01-27T21:37:00.193952 #72487]  INFO -- : open data = [1706387760000, "2272.05000000", "2273.70000000", "2272.04000000", "2273.69000000", "87.84730000", 1706387819999, "199673.52547700", 231, "69.99820000", "159108.55008800", "0"]
I, [2024-01-27T21:37:00.194077 #72487]  INFO -- : open data = [1706140800000, "2235.02000000", "2282.94000000", "2171.30000000", "2273.69000000", "815408.60570000", 1706399999999, "1822131233.07180500", 1941501, "408775.41440000", "913374416.53562100", "0"]
I, [2024-01-27T21:37:00.194184 #72487]  INFO -- : open data = [1706378400000, "2265.65000000", "2277.49000000", "2263.43000000", "2273.69000000", "10614.15170000", 1706399999999, "24108429.80471600", 39633, "5750.66690000", "13061496.40353900", "0"]
I, [2024-01-27T21:37:00.194289 #72487]  INFO -- : open data = [1706387400000, "2272.27000000", "2273.70000000", "2270.31000000", "2273.69000000", "408.88380000", 1706389199999, "928869.78049000", 1449, "229.47000000", "521329.09473200", "0"]
I, [2024-01-27T21:37:00.194395 #72487]  INFO -- : open data = [1706313600000, "2267.67000000", "2282.94000000", "2251.40000000", "2273.69000000", "121415.57410000", 1706399999999, "275361386.52634500", 361734, "58900.41610000", "133589458.04829600", "0"]
I, [2024-01-27T21:37:00.194553 #72487]  INFO -- : open data = [1706371200000, "2270.18000000", "2277.49000000", "2261.35000000", "2273.69000000", "22503.82970000", 1706399999999, "51075342.82838700", 73377, "11589.90130000", "26307224.24673200", "0"]
I, [2024-01-27T21:37:00.194688 #72487]  INFO -- : open data = [1706385600000, "2272.70000000", "2273.97000000", "2270.31000000", "2273.69000000", "2132.76530000", 1706399999999, "4846428.99022700", 8268, "1164.75280000", "2646815.49261600", "0"]
I, [2024-01-27T21:37:00.194812 #72487]  INFO -- : open data = [1706385600000, "2272.70000000", "2273.97000000", "2270.31000000", "2273.69000000", "2132.76530000", 1706389199999, "4846428.99022700", 8268, "1164.75280000", "2646815.49261600", "0"]
I, [2024-01-27T21:37:00.194936 #72487]  INFO -- : open data = [1706385600000, "2272.70000000", "2273.97000000", "2270.31000000", "2273.69000000", "2132.76530000", 1706392799999, "4846428.99022700", 8268, "1164.75280000", "2646815.49261600", "0"]
I, [2024-01-27T21:37:00.195046 #72487]  INFO -- : open data = [1706387400000, "2272.27000000", "2273.70000000", "2270.31000000", "2273.69000000", "408.88380000", 1706388299999, "928869.78049000", 1449, "229.47000000", "521329.09473200", "0"]
I, [2024-01-27T21:37:00.195151 #72487]  INFO -- : open data = [1706387700000, "2271.58000000", "2273.70000000", "2271.57000000", "2273.69000000", "173.95310000", 1706387999999, "395274.17053200", 399, "136.53460000", "310254.65351200", "0"]
I, [2024-01-27T21:37:00.195256 #72487]  INFO -- : open data = [1706387760000, "2272.05000000", "2273.70000000", "2272.04000000", "2273.69000000", "87.84730000", 1706387939999, "199673.52547700", 231, "69.99820000", "159108.55008800", "0"]
I, [2024-01-27T21:37:00.195354 #72487]  INFO -- : closed data = [1706387760000, "244.30000000", "244.40000000", "244.30000000", "244.40000000", "5.10700000", 1706387819999, "1247.74000000", 5, "2.43900000", "595.94760000", "0"]
I, [2024-01-27T21:37:00.206995 #72487]  INFO -- : closed data = [1706387760000, "41996.01000000", "42037.33000000", "41996.00000000", "42028.01000000", "64.46763000", 1706387819999, "2708279.36125200", 2685, "51.89548000", "2180010.40450620", "0"]
I, [2024-01-27T21:37:00.221274 #72487]  INFO -- : closed data = [1706387760000, "2272.05000000", "2273.70000000", "2272.04000000", "2273.69000000", "88.35700000", 1706387819999, "200832.42715000", 250, "70.18620000", "159536.00568800", "0"]
I, [2024-01-27T21:38:00.149405 #72487]  INFO -- : open data = [1706356800000, "2265.48000000", "2277.49000000", "2261.35000000", "2274.11000000", "42674.41820000", 1706399999999, "96834983.70385400", 139659, "22770.55610000", "51671201.46906600", "0"]
I, [2024-01-27T21:38:00.149708 #72487]  INFO -- : open data = [1705881600000, "2457.06000000", "2466.10000000", "2168.07000000", "2274.11000000", "2401798.32000000", 1706486399999, "5445780247.33944000", 4880727, "1172704.59470000", "2657176215.78795900", "0"]
I, [2024-01-27T21:38:00.149853 #72487]  INFO -- : open data = [1704067200000, "2281.87000000", "2717.32000000", "2100.00000000", "2274.11000000", "11912680.07990000", 1706745599999, "28559437415.93604800", 25364125, "5955677.04920000", "14277792167.21484300", "0"]
I, [2024-01-27T21:38:00.149991 #72487]  INFO -- : open data = [1706387820000, "2273.70000000", "2274.12000000", "2273.52000000", "2274.11000000", "95.07440000", 1706387879999, "216161.49645300", 219, "73.00900000", "165992.39997300", "0"]
I, [2024-01-27T21:38:00.150102 #72487]  INFO -- : open data = [1706387400000, "2272.27000000", "2274.12000000", "2270.31000000", "2274.11000000", "504.46790000", 1706389199999, "1146190.17861600", 1687, "302.66700000", "687748.95030500", "0"]
I, [2024-01-27T21:38:00.150210 #72487]  INFO -- : open data = [1706378400000, "2265.65000000", "2277.49000000", "2263.43000000", "2274.11000000", "10709.73580000", 1706399999999, "24325750.20284200", 39871, "5823.86390000", "13227916.25911200", "0"]
I, [2024-01-27T21:38:00.150319 #72487]  INFO -- : open data = [1706140800000, "2235.02000000", "2282.94000000", "2171.30000000", "2274.11000000", "815504.18980000", 1706399999999, "1822348553.46993100", 1941739, "408848.61140000", "913540836.39119400", "0"]
I, [2024-01-27T21:38:00.150426 #72487]  INFO -- : open data = [1706387760000, "2272.05000000", "2274.12000000", "2272.04000000", "2274.11000000", "183.43140000", 1706387939999, "416993.92360300", 469, "143.19520000", "325528.40566100", "0"]
I, [2024-01-27T21:38:00.150598 #72487]  INFO -- : open data = [1706387700000, "2271.58000000", "2274.12000000", "2271.57000000", "2274.11000000", "269.53720000", 1706387999999, "612594.56865800", 637, "209.73160000", "476674.50908500", "0"]
I, [2024-01-27T21:38:00.150743 #72487]  INFO -- : open data = [1706387400000, "2272.27000000", "2274.12000000", "2270.31000000", "2274.11000000", "504.46790000", 1706388299999, "1146190.17861600", 1687, "302.66700000", "687748.95030500", "0"]
I, [2024-01-27T21:38:00.150925 #72487]  INFO -- : open data = [1706385600000, "2272.70000000", "2274.12000000", "2270.31000000", "2274.11000000", "2228.34940000", 1706399999999, "5063749.38835300", 8506, "1237.94980000", "2813235.34818900", "0"]
I, [2024-01-27T21:38:00.151075 #72487]  INFO -- : open data = [1706385600000, "2272.70000000", "2274.12000000", "2270.31000000", "2274.11000000", "2228.34940000", 1706389199999, "5063749.38835300", 8506, "1237.94980000", "2813235.34818900", "0"]
I, [2024-01-27T21:38:00.151206 #72487]  INFO -- : open data = [1706371200000, "2270.18000000", "2277.49000000", "2261.35000000", "2274.11000000", "22599.41380000", 1706399999999, "51292663.22651300", 73615, "11663.09830000", "26473644.10230500", "0"]
I, [2024-01-27T21:38:00.151335 #72487]  INFO -- : open data = [1706385600000, "2272.70000000", "2274.12000000", "2270.31000000", "2274.11000000", "2228.34940000", 1706392799999, "5063749.38835300", 8506, "1237.94980000", "2813235.34818900", "0"]
I, [2024-01-27T21:38:00.151550 #72487]  INFO -- : open data = [1706313600000, "2267.67000000", "2282.94000000", "2251.40000000", "2274.11000000", "121511.15820000", 1706399999999, "275578706.92447100", 361972, "58973.61310000", "133755877.90386900", "0"]
I, [2024-01-27T21:38:00.151755 #72487]  INFO -- : open data = [1706371200000, "41813.99000000", "42037.33000000", "41745.26000000", "42029.99000000", "2662.92925000", 1706399999999, "111483313.25428070", 138968, "1325.05553000", "55482760.97539400", "0"]
I, [2024-01-27T21:38:00.151868 #72487]  INFO -- : open data = [1706385600000, "41910.48000000", "42037.33000000", "41910.47000000", "42029.99000000", "406.72412000", 1706399999999, "17072675.40348390", 17661, "232.11348000", "9744034.42766860", "0"]
I, [2024-01-27T21:38:00.151976 #72487]  INFO -- : open data = [1706387760000, "41996.01000000", "42037.33000000", "41996.00000000", "42029.99000000", "85.79094000", 1706387939999, "3604224.88561310", 3472, "70.19397000", "2948860.46718690", "0"]
I, [2024-01-27T21:38:00.152085 #72487]  INFO -- : open data = [1706378400000, "41779.28000000", "42037.33000000", "41745.26000000", "42029.99000000", "1605.51167000", 1706399999999, "67252364.12392130", 84009, "843.76091000", "35349976.76927670", "0"]
I, [2024-01-27T21:38:00.152237 #72487]  INFO -- : open data = [1706387400000, "41972.10000000", "42037.33000000", "41950.67000000", "42029.99000000", "144.92168000", 1706388299999, "6086081.35972240", 5944, "92.31204000", "3877285.11812160", "0"]
I, [2024-01-27T21:38:00.152362 #72487]  INFO -- : open data = [1706387700000, "41979.98000000", "42037.33000000", "41979.98000000", "42029.99000000", "94.00046000", 1706387999999, "3948923.29521340", 3885, "76.45635000", "3211799.49816130", "0"]
I, [2024-01-27T21:38:00.152660 #72487]  INFO -- : open data = [1704067200000, "42283.58000000", "48969.48000000", "38555.00000000", "42029.99000000", "1264534.63465000", 1706745599999, "54880298740.86816480", 47400563, "637665.43307000", "27682421240.23699460", "0"]
I, [2024-01-27T21:38:00.152836 #72487]  INFO -- : open data = [1705881600000, "41580.32000000", "42246.82000000", "38555.00000000", "42029.99000000", "244762.07135000", 1706486399999, "9854727891.10262990", 9431248, "125238.20393000", "5040989578.82814410", "0"]
I, [2024-01-27T21:38:00.152985 #72487]  INFO -- : open data = [1706313600000, "41823.51000000", "42037.33000000", "41394.34000000", "42029.99000000", "13678.32433000", 1706399999999, "571204867.38720040", 648364, "6503.03036000", "271560037.49973950", "0"]
I, [2024-01-27T21:38:00.153126 #72487]  INFO -- : open data = [1706356800000, "41761.22000000", "42037.33000000", "41714.00000000", "42029.99000000", "4769.55180000", 1706399999999, "199499659.52664510", 264869, "2277.76993000", "95287253.10748450", "0"]
I, [2024-01-27T21:38:00.153269 #72487]  INFO -- : open data = [1706385600000, "41910.48000000", "42037.33000000", "41910.47000000", "42029.99000000", "406.72412000", 1706389199999, "17072675.40348390", 17661, "232.11348000", "9744034.42766860", "0"]
I, [2024-01-27T21:38:00.153457 #72487]  INFO -- : open data = [1706385600000, "41910.48000000", "42037.33000000", "41910.47000000", "42029.99000000", "406.72412000", 1706392799999, "17072675.40348390", 17661, "232.11348000", "9744034.42766860", "0"]
I, [2024-01-27T21:38:00.153643 #72487]  INFO -- : open data = [1706387820000, "42028.00000000", "42030.00000000", "42008.07000000", "42029.99000000", "21.32331000", 1706387879999, "895945.52436110", 787, "18.29849000", "768850.06268070", "0"]
I, [2024-01-27T21:38:00.154104 #72487]  INFO -- : open data = [1706140800000, "40084.89000000", "42246.82000000", "39550.00000000", "42029.99000000", "92085.41012000", 1706399999999, "3761718822.82962110", 3564458, "46863.03506000", "1914034477.59025720", "0"]
I, [2024-01-27T21:38:00.154285 #72487]  INFO -- : open data = [1706387400000, "41972.10000000", "42037.33000000", "41950.67000000", "42029.99000000", "144.92168000", 1706389199999, "6086081.35972240", 5944, "92.31204000", "3877285.11812160", "0"]
I, [2024-01-27T21:38:00.154476 #72487]  INFO -- : closed data = [1706387820000, "244.30000000", "244.30000000", "244.30000000", "244.30000000", "0.32200000", 1706387879999, "78.66460000", 1, "0.00000000", "0.00000000", "0"]
I, [2024-01-27T21:38:00.185423 #72487]  INFO -- : closed data = [1706387820000, "2273.70000000", "2274.12000000", "2273.52000000", "2274.11000000", "95.85300000", 1706387879999, "217932.12305600", 249, "73.46470000", "167028.71645700", "0"]
I, [2024-01-27T21:38:00.196306 #72487]  INFO -- : closed data = [1706387820000, "42028.00000000", "42030.00000000", "42008.07000000", "42030.00000000", "21.42039000", 1706387879999, "900025.79587250", 811, "18.30671000", "769195.54928070", "0"]
I, [2024-01-27T21:39:00.329777 #72487]  INFO -- : open data = [1706371200000, "41813.99000000", "42074.00000000", "41745.26000000", "42073.99000000", "2693.24717000", 1706399999999, "112758324.92177700", 140858, "1347.87047000", "56442223.92008320", "0"]
I, [2024-01-27T21:39:00.330009 #72487]  INFO -- : open data = [1706385600000, "41910.48000000", "42074.00000000", "41910.47000000", "42073.99000000", "437.04204000", 1706399999999, "18347687.07098020", 19551, "254.92842000", "10703497.37235780", "0"]
I, [2024-01-27T21:39:00.330183 #72487]  INFO -- : open data = [1706387760000, "41996.01000000", "42074.00000000", "41996.00000000", "42073.99000000", "116.10886000", 1706387939999, "4879236.55310940", 5362, "93.00891000", "3908323.41187610", "0"]
I, [2024-01-27T21:39:00.330323 #72487]  INFO -- : open data = [1706378400000, "41779.28000000", "42074.00000000", "41745.26000000", "42073.99000000", "1635.82959000", 1706399999999, "68527375.79141760", 85899, "866.57585000", "36309439.71396590", "0"]
I, [2024-01-27T21:39:00.330433 #72487]  INFO -- : open data = [1706387400000, "41972.10000000", "42074.00000000", "41950.67000000", "42073.99000000", "175.23960000", 1706388299999, "7361093.02721870", 7834, "115.12698000", "4836748.06281080", "0"]
I, [2024-01-27T21:39:00.330542 #72487]  INFO -- : open data = [1706387700000, "41979.98000000", "42074.00000000", "41979.98000000", "42073.99000000", "124.31838000", 1706387999999, "5223934.96270970", 5775, "99.27129000", "4171262.44285050", "0"]
I, [2024-01-27T21:39:00.330652 #72487]  INFO -- : open data = [1704067200000, "42283.58000000", "48969.48000000", "38555.00000000", "42073.99000000", "1264564.95257000", 1706745599999, "54881573752.53566110", 47402453, "637688.24801000", "27683380703.18168380", "0"]
I, [2024-01-27T21:39:00.330761 #72487]  INFO -- : open data = [1705881600000, "41580.32000000", "42246.82000000", "38555.00000000", "42073.99000000", "244792.38927000", 1706486399999, "9856002902.77012620", 9433138, "125261.01887000", "5041949041.77283330", "0"]
I, [2024-01-27T21:39:00.330871 #72487]  INFO -- : open data = [1706313600000, "41823.51000000", "42074.00000000", "41394.34000000", "42073.99000000", "13708.64225000", 1706399999999, "572479879.05469670", 650254, "6525.84530000", "272519500.44442870", "0"]
I, [2024-01-27T21:39:00.331014 #72487]  INFO -- : open data = [1706356800000, "41761.22000000", "42074.00000000", "41714.00000000", "42073.99000000", "4799.86972000", 1706399999999, "200774671.19414140", 266759, "2300.58487000", "96246716.05217370", "0"]
I, [2024-01-27T21:39:00.331141 #72487]  INFO -- : open data = [1706385600000, "41910.48000000", "42074.00000000", "41910.47000000", "42073.99000000", "437.04204000", 1706389199999, "18347687.07098020", 19551, "254.92842000", "10703497.37235780", "0"]
I, [2024-01-27T21:39:00.331251 #72487]  INFO -- : open data = [1706385600000, "41910.48000000", "42074.00000000", "41910.47000000", "42073.99000000", "437.04204000", 1706392799999, "18347687.07098020", 19551, "254.92842000", "10703497.37235780", "0"]
I, [2024-01-27T21:39:00.331358 #72487]  INFO -- : open data = [1706387880000, "42030.00000000", "42074.00000000", "42029.99000000", "42073.99000000", "30.22084000", 1706387939999, "1270931.39598490", 1866, "22.80672000", "959117.45808920", "0"]
I, [2024-01-27T21:39:00.331525 #72487]  INFO -- : open data = [1706140800000, "40084.89000000", "42246.82000000", "39550.00000000", "42073.99000000", "92115.72804000", 1706399999999, "3762993834.49711740", 3566348, "46885.85000000", "1914993940.53494640", "0"]
I, [2024-01-27T21:39:00.331643 #72487]  INFO -- : open data = [1706387400000, "41972.10000000", "42074.00000000", "41950.67000000", "42073.99000000", "175.23960000", 1706389199999, "7361093.02721870", 7834, "115.12698000", "4836748.06281080", "0"]
I, [2024-01-27T21:39:00.331838 #72487]  INFO -- : open data = [1704067200000, "2281.87000000", "2717.32000000", "2100.00000000", "2275.30000000", "11912757.00480000", 1706745599999, "28559612438.77492900", 25364437, "5955714.66390000", "14277877738.66491100", "0"]
I, [2024-01-27T21:39:00.332001 #72487]  INFO -- : open data = [1706356800000, "2265.48000000", "2277.49000000", "2261.35000000", "2275.30000000", "42751.34310000", 1706399999999, "97010006.54273500", 139971, "22808.17080000", "51756772.91913400", "0"]
I, [2024-01-27T21:39:00.332124 #72487]  INFO -- : open data = [1705881600000, "2457.06000000", "2466.10000000", "2168.07000000", "2275.30000000", "2401875.24490000", 1706486399999, "5445955270.17832100", 4881039, "1172742.20940000", "2657261787.23802700", "0"]
I, [2024-01-27T21:39:00.332228 #72487]  INFO -- : open data = [1706387880000, "2274.11000000", "2275.69000000", "2274.11000000", "2275.30000000", "76.14630000", 1706387939999, "173252.21227800", 282, "37.15900000", "84535.13358400", "0"]
I, [2024-01-27T21:39:00.332352 #72487]  INFO -- : open data = [1706140800000, "2235.02000000", "2282.94000000", "2171.30000000", "2275.30000000", "815581.11470000", 1706399999999, "1822523576.30881200", 1942051, "408886.22610000", "913626407.84126200", "0"]
I, [2024-01-27T21:39:00.332457 #72487]  INFO -- : open data = [1706378400000, "2265.65000000", "2277.49000000", "2263.43000000", "2275.30000000", "10786.66070000", 1706399999999, "24500773.04172300", 40183, "5861.47860000", "13313487.70918000", "0"]
I, [2024-01-27T21:39:00.332564 #72487]  INFO -- : open data = [1706387400000, "2272.27000000", "2275.69000000", "2270.31000000", "2275.30000000", "581.39280000", 1706389199999, "1321213.01749700", 1999, "340.28170000", "773320.40037300", "0"]
I, [2024-01-27T21:39:00.332670 #72487]  INFO -- : open data = [1706313600000, "2267.67000000", "2282.94000000", "2251.40000000", "2275.30000000", "121588.08310000", 1706399999999, "275753729.76335200", 362284, "59011.22780000", "133841449.35393700", "0"]
I, [2024-01-27T21:39:00.332776 #72487]  INFO -- : open data = [1706371200000, "2270.18000000", "2277.49000000", "2261.35000000", "2275.30000000", "22676.33870000", 1706399999999, "51467686.06539400", 73927, "11700.71300000", "26559215.55237300", "0"]
I, [2024-01-27T21:39:00.332881 #72487]  INFO -- : open data = [1706385600000, "2272.70000000", "2275.69000000", "2270.31000000", "2275.30000000", "2305.27430000", 1706399999999, "5238772.22723400", 8818, "1275.56450000", "2898806.79825700", "0"]
I, [2024-01-27T21:39:00.333044 #72487]  INFO -- : open data = [1706385600000, "2272.70000000", "2275.69000000", "2270.31000000", "2275.30000000", "2305.27430000", 1706389199999, "5238772.22723400", 8818, "1275.56450000", "2898806.79825700", "0"]
I, [2024-01-27T21:39:00.333149 #72487]  INFO -- : open data = [1706385600000, "2272.70000000", "2275.69000000", "2270.31000000", "2275.30000000", "2305.27430000", 1706392799999, "5238772.22723400", 8818, "1275.56450000", "2898806.79825700", "0"]
I, [2024-01-27T21:39:00.333255 #72487]  INFO -- : open data = [1706387400000, "2272.27000000", "2275.69000000", "2270.31000000", "2275.30000000", "581.39280000", 1706388299999, "1321213.01749700", 1999, "340.28170000", "773320.40037300", "0"]
I, [2024-01-27T21:39:00.333359 #72487]  INFO -- : open data = [1706387700000, "2271.58000000", "2275.69000000", "2271.57000000", "2275.30000000", "346.46210000", 1706387999999, "787617.40753900", 949, "247.34630000", "562245.95915300", "0"]
I, [2024-01-27T21:39:00.333464 #72487]  INFO -- : open data = [1706387760000, "2272.05000000", "2275.69000000", "2272.04000000", "2275.30000000", "260.35630000", 1706387939999, "592016.76248400", 781, "180.80990000", "411099.85572900", "0"]
I, [2024-01-27T21:39:00.333563 #72487]  INFO -- : closed data = [1706387880000, "244.40000000", "244.60000000", "244.40000000", "244.60000000", "36.69100000", 1706387939999, "8969.01920000", 17, "25.86600000", "6323.38100000", "0"]
I, [2024-01-27T21:39:00.356634 #72487]  INFO -- : closed data = [1706387760000, "41996.01000000", "42074.00000000", "41996.00000000", "42069.18000000", "120.55351000", 1706387939999, "5066229.84730230", 5445, "93.01893000", "3908744.94623780", "0"]
I, [2024-01-27T21:39:00.368927 #72487]  INFO -- : closed data = [1706387760000, "244.30000000", "244.60000000", "244.30000000", "244.60000000", "42.12000000", 1706387939999, "10295.42380000", 23, "28.30500000", "6919.32860000", "0"]
I, [2024-01-27T21:39:00.380319 #72487]  INFO -- : closed data = [1706387880000, "42030.00000000", "42074.00000000", "42029.99000000", "42069.18000000", "34.66549000", 1706387939999, "1457924.69017780", 1949, "22.81674000", "959538.99245090", "0"]
I, [2024-01-27T21:39:00.394759 #72487]  INFO -- : closed data = [1706387880000, "2274.11000000", "2275.69000000", "2274.11000000", "2275.09000000", "77.12430000", 1706387939999, "175477.38560200", 311, "37.32740000", "84918.27584200", "0"]
I, [2024-01-27T21:39:00.409831 #72487]  INFO -- : closed data = [1706387760000, "2272.05000000", "2275.69000000", "2272.04000000", "2275.09000000", "261.33430000", 1706387939999, "594241.93580800", 810, "180.97830000", "411482.99798700", "0"]
I, [2024-01-27T21:40:00.153165 #72487]  INFO -- : open data = [1706356800000, "2265.48000000", "2277.49000000", "2261.35000000", "2275.25000000", "42872.62370000", 1706399999999, "97285963.12151600", 140208, "22839.87800000", "51828916.54289200", "0"]
I, [2024-01-27T21:40:00.153352 #72487]  INFO -- : open data = [1704067200000, "2281.87000000", "2717.32000000", "2100.00000000", "2275.25000000", "11912878.28540000", 1706745599999, "28559888395.35371000", 25364674, "5955746.37110000", "14277949882.28866900", "0"]
I, [2024-01-27T21:40:00.153511 #72487]  INFO -- : open data = [1705881600000, "2457.06000000", "2466.10000000", "2168.07000000", "2275.25000000", "2401996.52550000", 1706486399999, "5446231226.75710200", 4881276, "1172773.91660000", "2657333930.86178500", "0"]
I, [2024-01-27T21:40:00.153621 #72487]  INFO -- : open data = [1706387940000, "2275.08000000", "2275.52000000", "2275.03000000", "2275.25000000", "120.30260000", 1706387999999, "273731.40545700", 208, "31.53880000", "71760.48150000", "0"]
I, [2024-01-27T21:40:00.153729 #72487]  INFO -- : open data = [1706140800000, "2235.02000000", "2282.94000000", "2171.30000000", "2275.25000000", "815702.39530000", 1706399999999, "1822799532.88759300", 1942288, "408917.93330000", "913698551.46502000", "0"]
I, [2024-01-27T21:40:00.153834 #72487]  INFO -- : open data = [1706378400000, "2265.65000000", "2277.49000000", "2263.43000000", "2275.25000000", "10907.94130000", 1706399999999, "24776729.62050400", 40420, "5893.18580000", "13385631.33293800", "0"]
I, [2024-01-27T21:40:00.153940 #72487]  INFO -- : open data = [1706387400000, "2272.27000000", "2275.69000000", "2270.31000000", "2275.25000000", "702.67340000", 1706389199999, "1597169.59627800", 2236, "371.98890000", "845464.02413100", "0"]
I, [2024-01-27T21:40:00.154046 #72487]  INFO -- : open data = [1706313600000, "2267.67000000", "2282.94000000", "2251.40000000", "2275.25000000", "121709.36370000", 1706399999999, "276029686.34213300", 362521, "59042.93500000", "133913592.97769500", "0"]
I, [2024-01-27T21:40:00.154152 #72487]  INFO -- : open data = [1706371200000, "2270.18000000", "2277.49000000", "2261.35000000", "2275.25000000", "22797.61930000", 1706399999999, "51743642.64417500", 74164, "11732.42020000", "26631359.17613100", "0"]
I, [2024-01-27T21:40:00.154257 #72487]  INFO -- : open data = [1706385600000, "2272.70000000", "2275.69000000", "2270.31000000", "2275.25000000", "2426.55490000", 1706399999999, "5514728.80601500", 9055, "1307.27170000", "2970950.42201500", "0"]
I, [2024-01-27T21:40:00.154360 #72487]  INFO -- : open data = [1706385600000, "2272.70000000", "2275.69000000", "2270.31000000", "2275.25000000", "2426.55490000", 1706389199999, "5514728.80601500", 9055, "1307.27170000", "2970950.42201500", "0"]
I, [2024-01-27T21:40:00.154516 #72487]  INFO -- : open data = [1706385600000, "2272.70000000", "2275.69000000", "2270.31000000", "2275.25000000", "2426.55490000", 1706392799999, "5514728.80601500", 9055, "1307.27170000", "2970950.42201500", "0"]
I, [2024-01-27T21:40:00.154622 #72487]  INFO -- : open data = [1706387400000, "2272.27000000", "2275.69000000", "2270.31000000", "2275.25000000", "702.67340000", 1706388299999, "1597169.59627800", 2236, "371.98890000", "845464.02413100", "0"]
I, [2024-01-27T21:40:00.154726 #72487]  INFO -- : open data = [1706387700000, "2271.58000000", "2275.69000000", "2271.57000000", "2275.25000000", "467.74270000", 1706387999999, "1063573.98632000", 1186, "279.05350000", "634389.58291100", "0"]
I, [2024-01-27T21:40:00.154832 #72487]  INFO -- : open data = [1706387940000, "2275.08000000", "2275.52000000", "2275.03000000", "2275.25000000", "120.30260000", 1706388119999, "273731.40545700", 208, "31.53880000", "71760.48150000", "0"]
I, [2024-01-27T21:40:00.154941 #72487]  INFO -- : open data = [1706371200000, "41813.99000000", "42074.00000000", "41745.26000000", "42052.63000000", "2712.94132000", 1706399999999, "113586750.07344280", 141580, "1356.21328000", "56793142.52293180", "0"]
I, [2024-01-27T21:40:00.155068 #72487]  INFO -- : open data = [1706385600000, "41910.48000000", "42074.00000000", "41910.47000000", "42052.63000000", "456.73619000", 1706399999999, "19176112.22264600", 20273, "263.27123000", "11054415.97520640", "0"]
I, [2024-01-27T21:40:00.155173 #72487]  INFO -- : open data = [1706387940000, "42069.18000000", "42069.18000000", "42052.62000000", "42052.63000000", "15.24950000", 1706388119999, "641431.85747290", 639, "8.33279000", "350497.06848690", "0"]
I, [2024-01-27T21:40:00.155279 #72487]  INFO -- : open data = [1706378400000, "41779.28000000", "42074.00000000", "41745.26000000", "42052.63000000", "1655.52374000", 1706399999999, "69355800.94308340", 86621, "874.91866000", "36660358.31681450", "0"]
I, [2024-01-27T21:40:00.155425 #72487]  INFO -- : open data = [1706387400000, "41972.10000000", "42074.00000000", "41950.67000000", "42052.63000000", "194.93375000", 1706388299999, "8189518.17888450", 8556, "123.46979000", "5187666.66565940", "0"]
I, [2024-01-27T21:40:00.155544 #72487]  INFO -- : open data = [1706387700000, "41979.98000000", "42074.00000000", "41979.98000000", "42052.63000000", "144.01253000", 1706387999999, "6052360.11437550", 6497, "107.61410000", "4522181.04569910", "0"]
I, [2024-01-27T21:40:00.155654 #72487]  INFO -- : open data = [1704067200000, "42283.58000000", "48969.48000000", "38555.00000000", "42052.63000000", "1264584.64672000", 1706745599999, "54882402177.68732690", 47403175, "637696.59082000", "27683731621.78453240", "0"]
I, [2024-01-27T21:40:00.155846 #72487]  INFO -- : open data = [1705881600000, "41580.32000000", "42246.82000000", "38555.00000000", "42052.63000000", "244812.08342000", 1706486399999, "9856831327.92179200", 9433860, "125269.36168000", "5042299960.37568190", "0"]
I, [2024-01-27T21:40:00.155959 #72487]  INFO -- : open data = [1706313600000, "41823.51000000", "42074.00000000", "41394.34000000", "42052.63000000", "13728.33640000", 1706399999999, "573308304.20636250", 650976, "6534.18811000", "272870419.04727730", "0"]
I, [2024-01-27T21:40:00.156066 #72487]  INFO -- : open data = [1706356800000, "41761.22000000", "42074.00000000", "41714.00000000", "42052.63000000", "4819.56387000", 1706399999999, "201603096.34580720", 267481, "2308.92768000", "96597634.65502230", "0"]
I, [2024-01-27T21:40:00.156173 #72487]  INFO -- : open data = [1706385600000, "41910.48000000", "42074.00000000", "41910.47000000", "42052.63000000", "456.73619000", 1706389199999, "19176112.22264600", 20273, "263.27123000", "11054415.97520640", "0"]
I, [2024-01-27T21:40:00.156283 #72487]  INFO -- : open data = [1706385600000, "41910.48000000", "42074.00000000", "41910.47000000", "42052.63000000", "456.73619000", 1706392799999, "19176112.22264600", 20273, "263.27123000", "11054415.97520640", "0"]
I, [2024-01-27T21:40:00.156423 #72487]  INFO -- : open data = [1706387940000, "42069.18000000", "42069.18000000", "42052.62000000", "42052.63000000", "15.24950000", 1706387999999, "641431.85747290", 639, "8.33279000", "350497.06848690", "0"]
I, [2024-01-27T21:40:00.156538 #72487]  INFO -- : open data = [1706140800000, "40084.89000000", "42246.82000000", "39550.00000000", "42052.63000000", "92135.42219000", 1706399999999, "3763822259.64878320", 3567070, "46894.19281000", "1915344859.13779500", "0"]
I, [2024-01-27T21:40:00.156645 #72487]  INFO -- : open data = [1706387400000, "41972.10000000", "42074.00000000", "41950.67000000", "42052.63000000", "194.93375000", 1706389199999, "8189518.17888450", 8556, "123.46979000", "5187666.66565940", "0"]
I, [2024-01-27T21:40:00.156742 #72487]  INFO -- : closed data = [1706387940000, "244.50000000", "244.60000000", "244.50000000", "244.60000000", "21.27600000", 1706387999999, "5203.78420000", 4, "21.27600000", "5203.78420000", "0"]
I, [2024-01-27T21:40:00.176955 #72487]  INFO -- : closed data = [1706387700000, "41979.98000000", "42074.00000000", "41979.98000000", "42052.62000000", "144.10171000", 1706387999999, "6056110.36776560", 6526, "107.68795000", "4525286.63242460", "0"]
I, [2024-01-27T21:40:00.191859 #72487]  INFO -- : closed data = [1706387700000, "244.30000000", "244.60000000", "244.30000000", "244.60000000", "63.39600000", 1706387999999, "15499.20800000", 27, "49.58100000", "12123.11280000", "0"]
I, [2024-01-27T21:40:00.203938 #72487]  INFO -- : closed data = [1706387940000, "42069.18000000", "42069.18000000", "42052.62000000", "42052.62000000", "15.33868000", 1706387999999, "645182.11086300", 668, "8.40664000", "353602.65521240", "0"]
I, [2024-01-27T21:40:00.216484 #72487]  INFO -- : closed data = [1706387940000, "2275.08000000", "2275.52000000", "2275.03000000", "2275.24000000", "120.75670000", 1706387999999, "274764.58922900", 225, "31.72170000", "72176.62289600", "0"]
I, [2024-01-27T21:40:00.229804 #72487]  INFO -- : closed data = [1706387700000, "2271.58000000", "2275.69000000", "2271.57000000", "2275.24000000", "468.19680000", 1706387999999, "1064607.17009200", 1203, "279.23640000", "634805.72430700", "0"]
